Traceback: Traceback (most recent call last):
  File "C:\Users\edwar\AppData\Local\Programs\Python\Python312\Lib\site-packages\flask\app.py", line 1473, in wsgi_app
    response = self.full_dispatch_request()
               ^^^^^^^^^^^^^^^^^^^^^^^^^^^^
  File "C:\Users\edwar\AppData\Local\Programs\Python\Python312\Lib\site-packages\flask\app.py", line 882, in full_dispatch_request
    rv = self.handle_user_exception(e)
         ^^^^^^^^^^^^^^^^^^^^^^^^^^^^^
  File "C:\Users\edwar\AppData\Local\Programs\Python\Python312\Lib\site-packages\flask_cors\extension.py", line 178, in wrapped_function
    return cors_after_request(app.make_response(f(*args, **kwargs)))
                                                ^^^^^^^^^^^^^^^^^^
  File "C:\Users\edwar\AppData\Local\Programs\Python\Python312\Lib\site-packages\flask\app.py", line 880, in full_dispatch_request
    rv = self.dispatch_request()
         ^^^^^^^^^^^^^^^^^^^^^^^
  File "C:\Users\edwar\AppData\Local\Programs\Python\Python312\Lib\site-packages\flask\app.py", line 865, in dispatch_request
    return self.ensure_sync(self.view_functions[rule.endpoint])(**view_args)  # type: ignore[no-any-return]
           ^^^^^^^^^^^^^^^^^^^^^^^^^^^^^^^^^^^^^^^^^^^^^^^^^^^^^^^^^^^^^^^^^
  File "C:\Users\edwar\OneDrive\Documents\Programming\Visual Studio 2022\PARTS_Web\app\controllers\store\product_category.py", line 57, in categories
    return render_template('pages/store/_product_categories.html', model = model)
           ^^^^^^^^^^^^^^^^^^^^^^^^^^^^^^^^^^^^^^^^^^^^^^^^^^^^^^^^^^^^^^^^^^^^^^
  File "C:\Users\edwar\AppData\Local\Programs\Python\Python312\Lib\site-packages\flask\templating.py", line 150, in render_template
    return _render(app, template, context)
           ^^^^^^^^^^^^^^^^^^^^^^^^^^^^^^^
  File "C:\Users\edwar\AppData\Local\Programs\Python\Python312\Lib\site-packages\flask\templating.py", line 131, in _render
    rv = template.render(context)
         ^^^^^^^^^^^^^^^^^^^^^^^^
  File "C:\Users\edwar\AppData\Local\Programs\Python\Python312\Lib\site-packages\jinja2\environment.py", line 1304, in render
    self.environment.handle_exception()
  File "C:\Users\edwar\AppData\Local\Programs\Python\Python312\Lib\site-packages\jinja2\environment.py", line 939, in handle_exception
    raise rewrite_traceback_stack(source=source)
  File "C:\Users\edwar\OneDrive\Documents\Programming\Visual Studio 2022\PARTS_Web\app\templates\pages\store\_product_categories.html", line 1, in top-level template code
    {% extends 'layouts/layout.html' %}
    ^^^^^^^^^^^^^^^^^^^^^^^^^
  File "C:\Users\edwar\OneDrive\Documents\Programming\Visual Studio 2022\PARTS_Web\app\templates\layouts\layout.html", line 316, in top-level template code
    {% block page_body %}{% endblock %}
    ^^^^^^^^^^^^^^^^^^^^^^^^^
  File "C:\Users\edwar\OneDrive\Documents\Programming\Visual Studio 2022\PARTS_Web\app\templates\pages\store\_product_categories.html", line 99, in block 'page_body'
    var currencies = {{ model.convert_list_objects_to_dict_json_by_attribute_key_default(model.access_levels) | tojson | safe }};
    ^^^^^^^^^^^^^^^^^^^^^^^^^
  File "C:\Users\edwar\OneDrive\Documents\Programming\Visual Studio 2022\PARTS_Web\app\models\model_view_base.py", line 330, in convert_list_objects_to_dict_json_by_attribute_key_default
    return Model_View_Base.convert_list_objects_to_dict_json_by_attribute_key(list_objects, getattr(obj_class, obj_class.FLAG_NAME_ATTR_OPTION_VALUE))
           ^^^^^^^^^^^^^^^^^^^^^^^^^^^^^^^^^^^^^^^^^^^^^^^^^^^^^^^^^^^^^^^^^^^^^^^^^^^^^^^^^^^^^^^^^^^^^^^^^^^^^^^^^^^^^^^^^^^^^^^^^^^^^^^^^^^^^^^^^^^
  File "C:\Users\edwar\OneDrive\Documents\Programming\Visual Studio 2022\PARTS_Web\app\models\model_view_base.py", line 318, in convert_list_objects_to_dict_json_by_attribute_key
    return {getattr(obj, key): obj.to_json() for obj in list_objects}
                               ^^^^^^^^^^^^^
  File "C:\Users\edwar\OneDrive\Documents\Programming\Visual Studio 2022\PARTS_Web\app\business_objects\store\access_level.py", line 66, in to_json
    self.FLAG_ACTIVE: av.input_bool(self.active, self.FLAG_ACTIVE, f'{self.__class__.__name__}.to_json')
                      ^^^^^^^^^^^^^^^^^^^^^^^^^^^^^^^^^^^^^^^^^^^^^^^^^^^^^^^^^^^^^^^^^^^^^^^^^^^^^^^^^^
  File "C:\Users\edwar\OneDrive\Documents\Programming\Visual Studio 2022\PARTS_Web\app\lib\argument_validation.py", line 493, in input_bool
    raise ValueError(error_msg)
ValueError: Invalid Access_Level.to_json <class 'bool'> argument active. Type = <class 'str'>. Value = 2

