Traceback (most recent call last):
  File "/home/partsltd/parts_website/passenger_wsgi.py", line 8, in <module>
    wsgi = imp.load_source('wsgi', 'app.py')
           ^^^^^^^^^^^^^^^^^^^^^^^^^^^^^^^^^
  File "/opt/alt/python311/lib64/python3.11/imp.py", line 172, in load_source
    module = _load(spec)
             ^^^^^^^^^^^
  File "<frozen importlib._bootstrap>", line 721, in _load
  File "<frozen importlib._bootstrap>", line 690, in _load_unlocked
  File "<frozen importlib._bootstrap_external>", line 940, in exec_module
  File "<frozen importlib._bootstrap>", line 241, in _call_with_frames_removed
  File "app.py", line 21, in <module>
    from app.forms import Form_Contact, Form_Basket_Add, Form_Basket_Edit, Form_Billing, Form_Delivery_Region, Form_Currency # , Form_Product
    ^^^^^^^^^^^^^^^^^^^^^^^^^^^^^^^^^^^^^^^^^^^^^^^^^^^^^^^^^^^^^^^^^^^^^^^^^^^^^^^^^^^^^^^^^^^^^^^^^^^^^^^^^^^^^^^^^^^^^^^^
  File "/home/partsltd/parts_website/app.py", line 21, in <module>
    from app.forms import Form_Contact, Form_Basket_Add, Form_Basket_Edit, Form_Billing, Form_Delivery_Region, Form_Currency # , Form_Product
    ^^^^^^^^^^^^^^^^^^^^^^^^^^^^^^^^^^^^^^^^^^^^^^^^^^^^^^^^^^^^^^^^^^^^^^^^^^^^^^^^^^^^^^^^^^^^^^^^^^^^^^^^^^^^^^^^^^^^^^^^
ModuleNotFoundError: No module named 'app.forms'; 'app' is not a package
Traceback (most recent call last):
  File "/home/partsltd/parts_website/passenger_wsgi.py", line 8, in <module>
    wsgi = imp.load_source('wsgi', 'app.py')
           ^^^^^^^^^^^^^^^^^^^^^^^^^^^^^^^^^
  File "/opt/alt/python311/lib64/python3.11/imp.py", line 172, in load_source
    module = _load(spec)
             ^^^^^^^^^^^
  File "<frozen importlib._bootstrap>", line 721, in _load
  File "<frozen importlib._bootstrap>", line 690, in _load_unlocked
  File "<frozen importlib._bootstrap_external>", line 940, in exec_module
  File "<frozen importlib._bootstrap>", line 241, in _call_with_frames_removed
  File "app.py", line 21, in <module>
    from app.forms import Form_Contact, Form_Basket_Add, Form_Basket_Edit, Form_Billing, Form_Delivery_Region, Form_Currency # , Form_Product
    ^^^^^^^^^^^^^^^^^^^^^^^^^^^^^^^^^^^^^^^^^^^^^^^^^^^^^^^^^^^^^^^^^^^^^^^^^^^^^^^^^^^^^^^^^^^^^^^^^^^^^^^^^^^^^^^^^^^^^^^^
  File "/home/partsltd/parts_website/app.py", line 21, in <module>
    from app.forms import Form_Contact, Form_Basket_Add, Form_Basket_Edit, Form_Billing, Form_Delivery_Region, Form_Currency # , Form_Product
    ^^^^^^^^^^^^^^^^^^^^^^^^^^^^^^^^^^^^^^^^^^^^^^^^^^^^^^^^^^^^^^^^^^^^^^^^^^^^^^^^^^^^^^^^^^^^^^^^^^^^^^^^^^^^^^^^^^^^^^^^
ModuleNotFoundError: No module named 'app.forms'; 'app' is not a package
[UID:1401][983693] Child process with pid: 983698 was killed by signal: 15, core dumped: no
Traceback (most recent call last):
  File "/home/partsltd/parts_website/passenger_wsgi.py", line 8, in <module>
    wsgi = imp.load_source('wsgi', 'app.py')
           ^^^^^^^^^^^^^^^^^^^^^^^^^^^^^^^^^
  File "/opt/alt/python311/lib64/python3.11/imp.py", line 172, in load_source
    module = _load(spec)
             ^^^^^^^^^^^
  File "<frozen importlib._bootstrap>", line 721, in _load
  File "<frozen importlib._bootstrap>", line 690, in _load_unlocked
  File "<frozen importlib._bootstrap_external>", line 940, in exec_module
  File "<frozen importlib._bootstrap>", line 241, in _call_with_frames_removed
  File "app.py", line 21, in <module>
    from app.forms import Form_Contact, Form_Basket_Add, Form_Basket_Edit, Form_Billing, Form_Delivery_Region, Form_Currency # , Form_Product
    ^^^^^^^^^^^^^^^^^^^^^^^^^^^^^^^^^^^^^^^^^^^^^^^^^^^^^^^^^^^^^^^^^^^^^^^^^^^^^^^^^^^^^^^^^^^^^^^^^^^^^^^^^^^^^^^^^^^^^^^^
  File "/home/partsltd/parts_website/app.py", line 21, in <module>
    from app.forms import Form_Contact, Form_Basket_Add, Form_Basket_Edit, Form_Billing, Form_Delivery_Region, Form_Currency # , Form_Product
    ^^^^^^^^^^^^^^^^^^^^^^^^^^^^^^^^^^^^^^^^^^^^^^^^^^^^^^^^^^^^^^^^^^^^^^^^^^^^^^^^^^^^^^^^^^^^^^^^^^^^^^^^^^^^^^^^^^^^^^^^
ModuleNotFoundError: No module named 'app.forms'; 'app' is not a package
Traceback (most recent call last):
  File "/home/partsltd/parts_website/passenger_wsgi.py", line 8, in <module>
    wsgi = imp.load_source('wsgi', 'app.py')
           ^^^^^^^^^^^^^^^^^^^^^^^^^^^^^^^^^
  File "/opt/alt/python311/lib64/python3.11/imp.py", line 172, in load_source
    module = _load(spec)
             ^^^^^^^^^^^
  File "<frozen importlib._bootstrap>", line 721, in _load
  File "<frozen importlib._bootstrap>", line 690, in _load_unlocked
  File "<frozen importlib._bootstrap_external>", line 940, in exec_module
  File "<frozen importlib._bootstrap>", line 241, in _call_with_frames_removed
  File "app.py", line 21, in <module>
    from app.forms import Form_Contact, Form_Basket_Add, Form_Basket_Edit, Form_Billing, Form_Delivery_Region, Form_Currency # , Form_Product
    ^^^^^^^^^^^^^^^^^^^^^^^^^^^^^^^^^^^^^^^^^^^^^^^^^^^^^^^^^^^^^^^^^^^^^^^^^^^^^^^^^^^^^^^^^^^^^^^^^^^^^^^^^^^^^^^^^^^^^^^^
  File "/home/partsltd/parts_website/app.py", line 21, in <module>
    from app.forms import Form_Contact, Form_Basket_Add, Form_Basket_Edit, Form_Billing, Form_Delivery_Region, Form_Currency # , Form_Product
    ^^^^^^^^^^^^^^^^^^^^^^^^^^^^^^^^^^^^^^^^^^^^^^^^^^^^^^^^^^^^^^^^^^^^^^^^^^^^^^^^^^^^^^^^^^^^^^^^^^^^^^^^^^^^^^^^^^^^^^^^
ModuleNotFoundError: No module named 'app.forms'; 'app' is not a package
[UID:1401][1182702] Child process with pid: 1182705 was killed by signal: 15, core dumped: no
Traceback (most recent call last):
  File "/home/partsltd/parts_website/passenger_wsgi.py", line 8, in <module>
    wsgi = imp.load_source('wsgi', 'app.py')
           ^^^^^^^^^^^^^^^^^^^^^^^^^^^^^^^^^
  File "/opt/alt/python311/lib64/python3.11/imp.py", line 172, in load_source
    module = _load(spec)
             ^^^^^^^^^^^
  File "<frozen importlib._bootstrap>", line 721, in _load
  File "<frozen importlib._bootstrap>", line 690, in _load_unlocked
  File "<frozen importlib._bootstrap_external>", line 940, in exec_module
  File "<frozen importlib._bootstrap>", line 241, in _call_with_frames_removed
  File "app.py", line 21, in <module>
    from app.forms import Form_Contact, Form_Basket_Add, Form_Basket_Edit, Form_Billing, Form_Delivery_Region, Form_Currency # , Form_Product
    ^^^^^^^^^^^^^^^^^^^^^^^^^^^^^^^^^^^^^^^^^^^^^^^^^^^^^^^^^^^^^^^^^^^^^^^^^^^^^^^^^^^^^^^^^^^^^^^^^^^^^^^^^^^^^^^^^^^^^^^^
  File "/home/partsltd/parts_website/app.py", line 21, in <module>
    from app.forms import Form_Contact, Form_Basket_Add, Form_Basket_Edit, Form_Billing, Form_Delivery_Region, Form_Currency # , Form_Product
    ^^^^^^^^^^^^^^^^^^^^^^^^^^^^^^^^^^^^^^^^^^^^^^^^^^^^^^^^^^^^^^^^^^^^^^^^^^^^^^^^^^^^^^^^^^^^^^^^^^^^^^^^^^^^^^^^^^^^^^^^
ModuleNotFoundError: No module named 'app.forms'; 'app' is not a package
[UID:1401][1182702] Child process with pid: 1182706 was killed by signal: 15, core dumped: no
Traceback (most recent call last):
  File "/home/partsltd/parts_website/passenger_wsgi.py", line 8, in <module>
    wsgi = imp.load_source('wsgi', 'app.py')
           ^^^^^^^^^^^^^^^^^^^^^^^^^^^^^^^^^
  File "/opt/alt/python311/lib64/python3.11/imp.py", line 172, in load_source
    module = _load(spec)
             ^^^^^^^^^^^
  File "<frozen importlib._bootstrap>", line 721, in _load
  File "<frozen importlib._bootstrap>", line 690, in _load_unlocked
  File "<frozen importlib._bootstrap_external>", line 940, in exec_module
  File "<frozen importlib._bootstrap>", line 241, in _call_with_frames_removed
  File "app.py", line 21, in <module>
    from app.forms import Form_Contact, Form_Basket_Add, Form_Basket_Edit, Form_Billing, Form_Delivery_Region, Form_Currency # , Form_Product
    ^^^^^^^^^^^^^^^^^^^^^^^^^^^^^^^^^^^^^^^^^^^^^^^^^^^^^^^^^^^^^^^^^^^^^^^^^^^^^^^^^^^^^^^^^^^^^^^^^^^^^^^^^^^^^^^^^^^^^^^^
  File "/home/partsltd/parts_website/app.py", line 21, in <module>
    from app.forms import Form_Contact, Form_Basket_Add, Form_Basket_Edit, Form_Billing, Form_Delivery_Region, Form_Currency # , Form_Product
    ^^^^^^^^^^^^^^^^^^^^^^^^^^^^^^^^^^^^^^^^^^^^^^^^^^^^^^^^^^^^^^^^^^^^^^^^^^^^^^^^^^^^^^^^^^^^^^^^^^^^^^^^^^^^^^^^^^^^^^^^
ModuleNotFoundError: No module named 'app.forms'; 'app' is not a package
Traceback (most recent call last):
  File "/home/partsltd/parts_website/passenger_wsgi.py", line 8, in <module>
    wsgi = imp.load_source('wsgi', 'app.py')
           ^^^^^^^^^^^^^^^^^^^^^^^^^^^^^^^^^
  File "/opt/alt/python311/lib64/python3.11/imp.py", line 172, in load_source
    module = _load(spec)
             ^^^^^^^^^^^
  File "<frozen importlib._bootstrap>", line 721, in _load
  File "<frozen importlib._bootstrap>", line 690, in _load_unlocked
  File "<frozen importlib._bootstrap_external>", line 940, in exec_module
  File "<frozen importlib._bootstrap>", line 241, in _call_with_frames_removed
  File "app.py", line 21, in <module>
    from app.forms import Form_Contact, Form_Basket_Add, Form_Basket_Edit, Form_Billing, Form_Delivery_Region, Form_Currency # , Form_Product
    ^^^^^^^^^^^^^^^^^^^^^^^^^^^^^^^^^^^^^^^^^^^^^^^^^^^^^^^^^^^^^^^^^^^^^^^^^^^^^^^^^^^^^^^^^^^^^^^^^^^^^^^^^^^^^^^^^^^^^^^^
  File "/home/partsltd/parts_website/app.py", line 21, in <module>
    from app.forms import Form_Contact, Form_Basket_Add, Form_Basket_Edit, Form_Billing, Form_Delivery_Region, Form_Currency # , Form_Product
    ^^^^^^^^^^^^^^^^^^^^^^^^^^^^^^^^^^^^^^^^^^^^^^^^^^^^^^^^^^^^^^^^^^^^^^^^^^^^^^^^^^^^^^^^^^^^^^^^^^^^^^^^^^^^^^^^^^^^^^^^
ModuleNotFoundError: No module named 'app.forms'; 'app' is not a package
[UID:1401][1308754] Child process with pid: 1308761 was killed by signal: 15, core dumped: no
Traceback (most recent call last):
  File "/home/partsltd/parts_website/passenger_wsgi.py", line 8, in <module>
    wsgi = imp.load_source('wsgi', 'app.py')
           ^^^^^^^^^^^^^^^^^^^^^^^^^^^^^^^^^
  File "/opt/alt/python311/lib64/python3.11/imp.py", line 172, in load_source
    module = _load(spec)
             ^^^^^^^^^^^
  File "<frozen importlib._bootstrap>", line 721, in _load
  File "<frozen importlib._bootstrap>", line 690, in _load_unlocked
  File "<frozen importlib._bootstrap_external>", line 940, in exec_module
  File "<frozen importlib._bootstrap>", line 241, in _call_with_frames_removed
  File "app.py", line 21, in <module>
    from app.forms import Form_Contact, Form_Basket_Add, Form_Basket_Edit, Form_Billing, Form_Delivery_Region, Form_Currency # , Form_Product
    ^^^^^^^^^^^^^^^^^^^^^^^^^^^^^^^^^^^^^^^^^^^^^^^^^^^^^^^^^^^^^^^^^^^^^^^^^^^^^^^^^^^^^^^^^^^^^^^^^^^^^^^^^^^^^^^^^^^^^^^^
  File "/home/partsltd/parts_website/app.py", line 21, in <module>
    from app.forms import Form_Contact, Form_Basket_Add, Form_Basket_Edit, Form_Billing, Form_Delivery_Region, Form_Currency # , Form_Product
    ^^^^^^^^^^^^^^^^^^^^^^^^^^^^^^^^^^^^^^^^^^^^^^^^^^^^^^^^^^^^^^^^^^^^^^^^^^^^^^^^^^^^^^^^^^^^^^^^^^^^^^^^^^^^^^^^^^^^^^^^
ModuleNotFoundError: No module named 'app.forms'; 'app' is not a package
[UID:1401][1308754] Child process with pid: 1313113 was killed by signal: 15, core dumped: no
Traceback (most recent call last):
  File "/home/partsltd/parts_website/passenger_wsgi.py", line 8, in <module>
    wsgi = imp.load_source('wsgi', 'app.py')
           ^^^^^^^^^^^^^^^^^^^^^^^^^^^^^^^^^
  File "/opt/alt/python311/lib64/python3.11/imp.py", line 172, in load_source
    module = _load(spec)
             ^^^^^^^^^^^
  File "<frozen importlib._bootstrap>", line 721, in _load
  File "<frozen importlib._bootstrap>", line 690, in _load_unlocked
  File "<frozen importlib._bootstrap_external>", line 940, in exec_module
  File "<frozen importlib._bootstrap>", line 241, in _call_with_frames_removed
  File "app.py", line 21, in <module>
    from app.forms import Form_Contact, Form_Basket_Add, Form_Basket_Edit, Form_Billing, Form_Delivery_Region, Form_Currency # , Form_Product
    ^^^^^^^^^^^^^^^^^^^^^^^^^^^^^^^^^^^^^^^^^^^^^^^^^^^^^^^^^^^^^^^^^^^^^^^^^^^^^^^^^^^^^^^^^^^^^^^^^^^^^^^^^^^^^^^^^^^^^^^^
  File "/home/partsltd/parts_website/app.py", line 21, in <module>
    from app.forms import Form_Contact, Form_Basket_Add, Form_Basket_Edit, Form_Billing, Form_Delivery_Region, Form_Currency # , Form_Product
    ^^^^^^^^^^^^^^^^^^^^^^^^^^^^^^^^^^^^^^^^^^^^^^^^^^^^^^^^^^^^^^^^^^^^^^^^^^^^^^^^^^^^^^^^^^^^^^^^^^^^^^^^^^^^^^^^^^^^^^^^
ModuleNotFoundError: No module named 'app.forms'; 'app' is not a package
Traceback (most recent call last):
  File "/home/partsltd/parts_website/passenger_wsgi.py", line 8, in <module>
    wsgi = imp.load_source('wsgi', 'app.py')
           ^^^^^^^^^^^^^^^^^^^^^^^^^^^^^^^^^
  File "/opt/alt/python311/lib64/python3.11/imp.py", line 172, in load_source
    module = _load(spec)
             ^^^^^^^^^^^
  File "<frozen importlib._bootstrap>", line 721, in _load
  File "<frozen importlib._bootstrap>", line 690, in _load_unlocked
  File "<frozen importlib._bootstrap_external>", line 940, in exec_module
  File "<frozen importlib._bootstrap>", line 241, in _call_with_frames_removed
  File "app.py", line 21, in <module>
    from app.forms import Form_Contact, Form_Basket_Add, Form_Basket_Edit, Form_Billing, Form_Delivery_Region, Form_Currency # , Form_Product
    ^^^^^^^^^^^^^^^^^^^^^^^^^^^^^^^^^^^^^^^^^^^^^^^^^^^^^^^^^^^^^^^^^^^^^^^^^^^^^^^^^^^^^^^^^^^^^^^^^^^^^^^^^^^^^^^^^^^^^^^^
  File "/home/partsltd/parts_website/app.py", line 21, in <module>
    from app.forms import Form_Contact, Form_Basket_Add, Form_Basket_Edit, Form_Billing, Form_Delivery_Region, Form_Currency # , Form_Product
    ^^^^^^^^^^^^^^^^^^^^^^^^^^^^^^^^^^^^^^^^^^^^^^^^^^^^^^^^^^^^^^^^^^^^^^^^^^^^^^^^^^^^^^^^^^^^^^^^^^^^^^^^^^^^^^^^^^^^^^^^
ModuleNotFoundError: No module named 'app.forms'; 'app' is not a package
[UID:1401][1313408] Child process with pid: 1313417 was killed by signal: 15, core dumped: no
Traceback (most recent call last):
  File "/home/partsltd/parts_website/passenger_wsgi.py", line 8, in <module>
    wsgi = imp.load_source('wsgi', 'app.py')
           ^^^^^^^^^^^^^^^^^^^^^^^^^^^^^^^^^
  File "/opt/alt/python311/lib64/python3.11/imp.py", line 172, in load_source
    module = _load(spec)
             ^^^^^^^^^^^
  File "<frozen importlib._bootstrap>", line 721, in _load
  File "<frozen importlib._bootstrap>", line 690, in _load_unlocked
  File "<frozen importlib._bootstrap_external>", line 940, in exec_module
  File "<frozen importlib._bootstrap>", line 241, in _call_with_frames_removed
  File "app.py", line 21, in <module>
    from app.forms import Form_Contact, Form_Basket_Add, Form_Basket_Edit, Form_Billing, Form_Delivery_Region, Form_Currency # , Form_Product
    ^^^^^^^^^^^^^^^^^^^^^^^^^^^^^^^^^^^^^^^^^^^^^^^^^^^^^^^^^^^^^^^^^^^^^^^^^^^^^^^^^^^^^^^^^^^^^^^^^^^^^^^^^^^^^^^^^^^^^^^^
  File "/home/partsltd/parts_website/app.py", line 21, in <module>
    from app.forms import Form_Contact, Form_Basket_Add, Form_Basket_Edit, Form_Billing, Form_Delivery_Region, Form_Currency # , Form_Product
    ^^^^^^^^^^^^^^^^^^^^^^^^^^^^^^^^^^^^^^^^^^^^^^^^^^^^^^^^^^^^^^^^^^^^^^^^^^^^^^^^^^^^^^^^^^^^^^^^^^^^^^^^^^^^^^^^^^^^^^^^
ModuleNotFoundError: No module named 'app.forms'; 'app' is not a package
[UID:1401][1308754] Child process with pid: 1313716 was killed by signal: 15, core dumped: no
Traceback (most recent call last):
  File "/home/partsltd/parts_website/passenger_wsgi.py", line 8, in <module>
    wsgi = imp.load_source('wsgi', 'app.py')
           ^^^^^^^^^^^^^^^^^^^^^^^^^^^^^^^^^
  File "/opt/alt/python311/lib64/python3.11/imp.py", line 172, in load_source
    module = _load(spec)
             ^^^^^^^^^^^
  File "<frozen importlib._bootstrap>", line 721, in _load
  File "<frozen importlib._bootstrap>", line 690, in _load_unlocked
  File "<frozen importlib._bootstrap_external>", line 940, in exec_module
  File "<frozen importlib._bootstrap>", line 241, in _call_with_frames_removed
  File "app.py", line 21, in <module>
    from app.forms import Form_Contact, Form_Basket_Add, Form_Basket_Edit, Form_Billing, Form_Delivery_Region, Form_Currency # , Form_Product
    ^^^^^^^^^^^^^^^^^^^^^^^^^^^^^^^^^^^^^^^^^^^^^^^^^^^^^^^^^^^^^^^^^^^^^^^^^^^^^^^^^^^^^^^^^^^^^^^^^^^^^^^^^^^^^^^^^^^^^^^^
  File "/home/partsltd/parts_website/app.py", line 21, in <module>
    from app.forms import Form_Contact, Form_Basket_Add, Form_Basket_Edit, Form_Billing, Form_Delivery_Region, Form_Currency # , Form_Product
    ^^^^^^^^^^^^^^^^^^^^^^^^^^^^^^^^^^^^^^^^^^^^^^^^^^^^^^^^^^^^^^^^^^^^^^^^^^^^^^^^^^^^^^^^^^^^^^^^^^^^^^^^^^^^^^^^^^^^^^^^
ModuleNotFoundError: No module named 'app.forms'; 'app' is not a package
[UID:1401][1308754] Child process with pid: 1313956 was killed by signal: 15, core dumped: no
Traceback (most recent call last):
  File "/home/partsltd/parts_website/passenger_wsgi.py", line 8, in <module>
    wsgi = imp.load_source('wsgi', 'app.py')
           ^^^^^^^^^^^^^^^^^^^^^^^^^^^^^^^^^
  File "/opt/alt/python311/lib64/python3.11/imp.py", line 172, in load_source
    module = _load(spec)
             ^^^^^^^^^^^
  File "<frozen importlib._bootstrap>", line 721, in _load
  File "<frozen importlib._bootstrap>", line 690, in _load_unlocked
  File "<frozen importlib._bootstrap_external>", line 940, in exec_module
  File "<frozen importlib._bootstrap>", line 241, in _call_with_frames_removed
  File "app.py", line 21, in <module>
    from app.forms import Form_Contact, Form_Basket_Add, Form_Basket_Edit, Form_Billing, Form_Delivery_Region, Form_Currency # , Form_Product
    ^^^^^^^^^^^^^^^^^^^^^^^^^^^^^^^^^^^^^^^^^^^^^^^^^^^^^^^^^^^^^^^^^^^^^^^^^^^^^^^^^^^^^^^^^^^^^^^^^^^^^^^^^^^^^^^^^^^^^^^^
  File "/home/partsltd/parts_website/app.py", line 21, in <module>
    from app.forms import Form_Contact, Form_Basket_Add, Form_Basket_Edit, Form_Billing, Form_Delivery_Region, Form_Currency # , Form_Product
    ^^^^^^^^^^^^^^^^^^^^^^^^^^^^^^^^^^^^^^^^^^^^^^^^^^^^^^^^^^^^^^^^^^^^^^^^^^^^^^^^^^^^^^^^^^^^^^^^^^^^^^^^^^^^^^^^^^^^^^^^
ModuleNotFoundError: No module named 'app.forms'; 'app' is not a package
[UID:1401][1313408] Child process with pid: 1314708 was killed by signal: 15, core dumped: no
Traceback (most recent call last):
  File "/home/partsltd/parts_website/passenger_wsgi.py", line 8, in <module>
    wsgi = imp.load_source('wsgi', 'app.py')
           ^^^^^^^^^^^^^^^^^^^^^^^^^^^^^^^^^
  File "/opt/alt/python311/lib64/python3.11/imp.py", line 172, in load_source
    module = _load(spec)
             ^^^^^^^^^^^
  File "<frozen importlib._bootstrap>", line 721, in _load
  File "<frozen importlib._bootstrap>", line 690, in _load_unlocked
  File "<frozen importlib._bootstrap_external>", line 940, in exec_module
  File "<frozen importlib._bootstrap>", line 241, in _call_with_frames_removed
  File "app.py", line 21, in <module>
    from app.forms import Form_Contact, Form_Basket_Add, Form_Basket_Edit, Form_Billing, Form_Delivery_Region, Form_Currency # , Form_Product
    ^^^^^^^^^^^^^^^^^^^^^^^^^^^^^^^^^^^^^^^^^^^^^^^^^^^^^^^^^^^^^^^^^^^^^^^^^^^^^^^^^^^^^^^^^^^^^^^^^^^^^^^^^^^^^^^^^^^^^^^^
  File "/home/partsltd/parts_website/app.py", line 21, in <module>
    from app.forms import Form_Contact, Form_Basket_Add, Form_Basket_Edit, Form_Billing, Form_Delivery_Region, Form_Currency # , Form_Product
    ^^^^^^^^^^^^^^^^^^^^^^^^^^^^^^^^^^^^^^^^^^^^^^^^^^^^^^^^^^^^^^^^^^^^^^^^^^^^^^^^^^^^^^^^^^^^^^^^^^^^^^^^^^^^^^^^^^^^^^^^
ModuleNotFoundError: No module named 'app.forms'; 'app' is not a package
[UID:1401][1313408] Child process with pid: 1320614 was killed by signal: 15, core dumped: no
Traceback (most recent call last):
  File "/home/partsltd/parts_website/passenger_wsgi.py", line 8, in <module>
    wsgi = imp.load_source('wsgi', 'app.py')
           ^^^^^^^^^^^^^^^^^^^^^^^^^^^^^^^^^
  File "/opt/alt/python311/lib64/python3.11/imp.py", line 172, in load_source
    module = _load(spec)
             ^^^^^^^^^^^
  File "<frozen importlib._bootstrap>", line 721, in _load
  File "<frozen importlib._bootstrap>", line 690, in _load_unlocked
  File "<frozen importlib._bootstrap_external>", line 940, in exec_module
  File "<frozen importlib._bootstrap>", line 241, in _call_with_frames_removed
  File "app.py", line 21, in <module>
    from app.forms import Form_Contact, Form_Basket_Add, Form_Basket_Edit, Form_Billing, Form_Delivery_Region, Form_Currency # , Form_Product
    ^^^^^^^^^^^^^^^^^^^^^^^^^^^^^^^^^^^^^^^^^^^^^^^^^^^^^^^^^^^^^^^^^^^^^^^^^^^^^^^^^^^^^^^^^^^^^^^^^^^^^^^^^^^^^^^^^^^^^^^^
  File "/home/partsltd/parts_website/app.py", line 21, in <module>
    from app.forms import Form_Contact, Form_Basket_Add, Form_Basket_Edit, Form_Billing, Form_Delivery_Region, Form_Currency # , Form_Product
    ^^^^^^^^^^^^^^^^^^^^^^^^^^^^^^^^^^^^^^^^^^^^^^^^^^^^^^^^^^^^^^^^^^^^^^^^^^^^^^^^^^^^^^^^^^^^^^^^^^^^^^^^^^^^^^^^^^^^^^^^
ModuleNotFoundError: No module named 'app.forms'; 'app' is not a package
[UID:1401][1313408] Child process with pid: 1320621 was killed by signal: 15, core dumped: no
Traceback (most recent call last):
  File "/home/partsltd/parts_website/passenger_wsgi.py", line 8, in <module>
    wsgi = imp.load_source('wsgi', 'app.py')
           ^^^^^^^^^^^^^^^^^^^^^^^^^^^^^^^^^
  File "/opt/alt/python311/lib64/python3.11/imp.py", line 172, in load_source
    module = _load(spec)
             ^^^^^^^^^^^
  File "<frozen importlib._bootstrap>", line 721, in _load
  File "<frozen importlib._bootstrap>", line 690, in _load_unlocked
  File "<frozen importlib._bootstrap_external>", line 940, in exec_module
  File "<frozen importlib._bootstrap>", line 241, in _call_with_frames_removed
  File "app.py", line 21, in <module>
    from app.forms import Form_Contact, Form_Basket_Add, Form_Basket_Edit, Form_Billing, Form_Delivery_Region, Form_Currency # , Form_Product
    ^^^^^^^^^^^^^^^^^^^^^^^^^^^^^^^^^^^^^^^^^^^^^^^^^^^^^^^^^^^^^^^^^^^^^^^^^^^^^^^^^^^^^^^^^^^^^^^^^^^^^^^^^^^^^^^^^^^^^^^^
  File "/home/partsltd/parts_website/app.py", line 21, in <module>
    from app.forms import Form_Contact, Form_Basket_Add, Form_Basket_Edit, Form_Billing, Form_Delivery_Region, Form_Currency # , Form_Product
    ^^^^^^^^^^^^^^^^^^^^^^^^^^^^^^^^^^^^^^^^^^^^^^^^^^^^^^^^^^^^^^^^^^^^^^^^^^^^^^^^^^^^^^^^^^^^^^^^^^^^^^^^^^^^^^^^^^^^^^^^
ModuleNotFoundError: No module named 'app.forms'; 'app' is not a package
[UID:1401][1313408] Child process with pid: 1320625 was killed by signal: 15, core dumped: no
Traceback (most recent call last):
  File "/home/partsltd/parts_website/passenger_wsgi.py", line 8, in <module>
    wsgi = imp.load_source('wsgi', 'app.py')
           ^^^^^^^^^^^^^^^^^^^^^^^^^^^^^^^^^
  File "/opt/alt/python311/lib64/python3.11/imp.py", line 172, in load_source
    module = _load(spec)
             ^^^^^^^^^^^
  File "<frozen importlib._bootstrap>", line 721, in _load
  File "<frozen importlib._bootstrap>", line 690, in _load_unlocked
  File "<frozen importlib._bootstrap_external>", line 940, in exec_module
  File "<frozen importlib._bootstrap>", line 241, in _call_with_frames_removed
  File "app.py", line 21, in <module>
    from app.forms import Form_Contact, Form_Basket_Add, Form_Basket_Edit, Form_Billing, Form_Delivery_Region, Form_Currency # , Form_Product
    ^^^^^^^^^^^^^^^^^^^^^^^^^^^^^^^^^^^^^^^^^^^^^^^^^^^^^^^^^^^^^^^^^^^^^^^^^^^^^^^^^^^^^^^^^^^^^^^^^^^^^^^^^^^^^^^^^^^^^^^^
  File "/home/partsltd/parts_website/app.py", line 21, in <module>
    from app.forms import Form_Contact, Form_Basket_Add, Form_Basket_Edit, Form_Billing, Form_Delivery_Region, Form_Currency # , Form_Product
    ^^^^^^^^^^^^^^^^^^^^^^^^^^^^^^^^^^^^^^^^^^^^^^^^^^^^^^^^^^^^^^^^^^^^^^^^^^^^^^^^^^^^^^^^^^^^^^^^^^^^^^^^^^^^^^^^^^^^^^^^
ModuleNotFoundError: No module named 'app.forms'; 'app' is not a package
[UID:1401][1308754] Child process with pid: 1331432 was killed by signal: 15, core dumped: no
Traceback (most recent call last):
  File "/home/partsltd/parts_website/passenger_wsgi.py", line 8, in <module>
    wsgi = imp.load_source('wsgi', 'app.py')
           ^^^^^^^^^^^^^^^^^^^^^^^^^^^^^^^^^
  File "/opt/alt/python311/lib64/python3.11/imp.py", line 172, in load_source
    module = _load(spec)
             ^^^^^^^^^^^
  File "<frozen importlib._bootstrap>", line 721, in _load
  File "<frozen importlib._bootstrap>", line 690, in _load_unlocked
  File "<frozen importlib._bootstrap_external>", line 940, in exec_module
  File "<frozen importlib._bootstrap>", line 241, in _call_with_frames_removed
  File "app.py", line 21, in <module>
    from app.forms import Form_Contact, Form_Basket_Add, Form_Basket_Edit, Form_Billing, Form_Delivery_Region, Form_Currency # , Form_Product
    ^^^^^^^^^^^^^^^^^^^^^^^^^^^^^^^^^^^^^^^^^^^^^^^^^^^^^^^^^^^^^^^^^^^^^^^^^^^^^^^^^^^^^^^^^^^^^^^^^^^^^^^^^^^^^^^^^^^^^^^^
  File "/home/partsltd/parts_website/app.py", line 21, in <module>
    from app.forms import Form_Contact, Form_Basket_Add, Form_Basket_Edit, Form_Billing, Form_Delivery_Region, Form_Currency # , Form_Product
    ^^^^^^^^^^^^^^^^^^^^^^^^^^^^^^^^^^^^^^^^^^^^^^^^^^^^^^^^^^^^^^^^^^^^^^^^^^^^^^^^^^^^^^^^^^^^^^^^^^^^^^^^^^^^^^^^^^^^^^^^
ModuleNotFoundError: No module named 'app.forms'; 'app' is not a package
[UID:1401][1308754] Child process with pid: 1331433 was killed by signal: 15, core dumped: no
Traceback (most recent call last):
  File "/home/partsltd/parts_website/passenger_wsgi.py", line 8, in <module>
    wsgi = imp.load_source('wsgi', 'app.py')
           ^^^^^^^^^^^^^^^^^^^^^^^^^^^^^^^^^
  File "/opt/alt/python311/lib64/python3.11/imp.py", line 172, in load_source
    module = _load(spec)
             ^^^^^^^^^^^
  File "<frozen importlib._bootstrap>", line 721, in _load
  File "<frozen importlib._bootstrap>", line 690, in _load_unlocked
  File "<frozen importlib._bootstrap_external>", line 940, in exec_module
  File "<frozen importlib._bootstrap>", line 241, in _call_with_frames_removed
  File "app.py", line 21, in <module>
    from app.forms import Form_Contact, Form_Basket_Add, Form_Basket_Edit, Form_Billing, Form_Delivery_Region, Form_Currency # , Form_Product
    ^^^^^^^^^^^^^^^^^^^^^^^^^^^^^^^^^^^^^^^^^^^^^^^^^^^^^^^^^^^^^^^^^^^^^^^^^^^^^^^^^^^^^^^^^^^^^^^^^^^^^^^^^^^^^^^^^^^^^^^^
  File "/home/partsltd/parts_website/app.py", line 21, in <module>
    from app.forms import Form_Contact, Form_Basket_Add, Form_Basket_Edit, Form_Billing, Form_Delivery_Region, Form_Currency # , Form_Product
    ^^^^^^^^^^^^^^^^^^^^^^^^^^^^^^^^^^^^^^^^^^^^^^^^^^^^^^^^^^^^^^^^^^^^^^^^^^^^^^^^^^^^^^^^^^^^^^^^^^^^^^^^^^^^^^^^^^^^^^^^
ModuleNotFoundError: No module named 'app.forms'; 'app' is not a package
[UID:1401][1308754] Child process with pid: 1331437 was killed by signal: 15, core dumped: no
Traceback (most recent call last):
  File "/home/partsltd/parts_website/passenger_wsgi.py", line 8, in <module>
    wsgi = imp.load_source('wsgi', 'app.py')
           ^^^^^^^^^^^^^^^^^^^^^^^^^^^^^^^^^
  File "/opt/alt/python311/lib64/python3.11/imp.py", line 172, in load_source
    module = _load(spec)
             ^^^^^^^^^^^
  File "<frozen importlib._bootstrap>", line 721, in _load
  File "<frozen importlib._bootstrap>", line 690, in _load_unlocked
  File "<frozen importlib._bootstrap_external>", line 940, in exec_module
  File "<frozen importlib._bootstrap>", line 241, in _call_with_frames_removed
  File "app.py", line 21, in <module>
    from app.forms import Form_Contact, Form_Basket_Add, Form_Basket_Edit, Form_Billing, Form_Delivery_Region, Form_Currency # , Form_Product
    ^^^^^^^^^^^^^^^^^^^^^^^^^^^^^^^^^^^^^^^^^^^^^^^^^^^^^^^^^^^^^^^^^^^^^^^^^^^^^^^^^^^^^^^^^^^^^^^^^^^^^^^^^^^^^^^^^^^^^^^^
  File "/home/partsltd/parts_website/app.py", line 21, in <module>
    from app.forms import Form_Contact, Form_Basket_Add, Form_Basket_Edit, Form_Billing, Form_Delivery_Region, Form_Currency # , Form_Product
    ^^^^^^^^^^^^^^^^^^^^^^^^^^^^^^^^^^^^^^^^^^^^^^^^^^^^^^^^^^^^^^^^^^^^^^^^^^^^^^^^^^^^^^^^^^^^^^^^^^^^^^^^^^^^^^^^^^^^^^^^
ModuleNotFoundError: No module named 'app.forms'; 'app' is not a package
[UID:1401][1308754] Child process with pid: 1331440 was killed by signal: 15, core dumped: no
Traceback (most recent call last):
  File "/home/partsltd/parts_website/passenger_wsgi.py", line 8, in <module>
    wsgi = imp.load_source('wsgi', 'app.py')
           ^^^^^^^^^^^^^^^^^^^^^^^^^^^^^^^^^
  File "/opt/alt/python311/lib64/python3.11/imp.py", line 172, in load_source
    module = _load(spec)
             ^^^^^^^^^^^
  File "<frozen importlib._bootstrap>", line 721, in _load
  File "<frozen importlib._bootstrap>", line 690, in _load_unlocked
  File "<frozen importlib._bootstrap_external>", line 940, in exec_module
  File "<frozen importlib._bootstrap>", line 241, in _call_with_frames_removed
  File "app.py", line 21, in <module>
    from app.forms import Form_Contact, Form_Basket_Add, Form_Basket_Edit, Form_Billing, Form_Delivery_Region, Form_Currency # , Form_Product
    ^^^^^^^^^^^^^^^^^^^^^^^^^^^^^^^^^^^^^^^^^^^^^^^^^^^^^^^^^^^^^^^^^^^^^^^^^^^^^^^^^^^^^^^^^^^^^^^^^^^^^^^^^^^^^^^^^^^^^^^^
  File "/home/partsltd/parts_website/app.py", line 21, in <module>
    from app.forms import Form_Contact, Form_Basket_Add, Form_Basket_Edit, Form_Billing, Form_Delivery_Region, Form_Currency # , Form_Product
    ^^^^^^^^^^^^^^^^^^^^^^^^^^^^^^^^^^^^^^^^^^^^^^^^^^^^^^^^^^^^^^^^^^^^^^^^^^^^^^^^^^^^^^^^^^^^^^^^^^^^^^^^^^^^^^^^^^^^^^^^
ModuleNotFoundError: No module named 'app.forms'; 'app' is not a package
[UID:1401][1313408] Child process with pid: 1333984 was killed by signal: 15, core dumped: no
Traceback (most recent call last):
  File "/home/partsltd/parts_website/passenger_wsgi.py", line 8, in <module>
    wsgi = imp.load_source('wsgi', 'app.py')
           ^^^^^^^^^^^^^^^^^^^^^^^^^^^^^^^^^
  File "/opt/alt/python311/lib64/python3.11/imp.py", line 172, in load_source
    module = _load(spec)
             ^^^^^^^^^^^
  File "<frozen importlib._bootstrap>", line 721, in _load
  File "<frozen importlib._bootstrap>", line 690, in _load_unlocked
  File "<frozen importlib._bootstrap_external>", line 940, in exec_module
  File "<frozen importlib._bootstrap>", line 241, in _call_with_frames_removed
  File "app.py", line 21, in <module>
    from app.forms import Form_Contact, Form_Basket_Add, Form_Basket_Edit, Form_Billing, Form_Delivery_Region, Form_Currency # , Form_Product
    ^^^^^^^^^^^^^^^^^^^^^^^^^^^^^^^^^^^^^^^^^^^^^^^^^^^^^^^^^^^^^^^^^^^^^^^^^^^^^^^^^^^^^^^^^^^^^^^^^^^^^^^^^^^^^^^^^^^^^^^^
  File "/home/partsltd/parts_website/app.py", line 21, in <module>
    from app.forms import Form_Contact, Form_Basket_Add, Form_Basket_Edit, Form_Billing, Form_Delivery_Region, Form_Currency # , Form_Product
    ^^^^^^^^^^^^^^^^^^^^^^^^^^^^^^^^^^^^^^^^^^^^^^^^^^^^^^^^^^^^^^^^^^^^^^^^^^^^^^^^^^^^^^^^^^^^^^^^^^^^^^^^^^^^^^^^^^^^^^^^
ModuleNotFoundError: No module named 'app.forms'; 'app' is not a package
[UID:1401][1313408] Child process with pid: 1334866 was killed by signal: 15, core dumped: no
Traceback (most recent call last):
  File "/home/partsltd/parts_website/passenger_wsgi.py", line 8, in <module>
    wsgi = imp.load_source('wsgi', 'app.py')
           ^^^^^^^^^^^^^^^^^^^^^^^^^^^^^^^^^
  File "/opt/alt/python311/lib64/python3.11/imp.py", line 172, in load_source
    module = _load(spec)
             ^^^^^^^^^^^
  File "<frozen importlib._bootstrap>", line 721, in _load
  File "<frozen importlib._bootstrap>", line 690, in _load_unlocked
  File "<frozen importlib._bootstrap_external>", line 940, in exec_module
  File "<frozen importlib._bootstrap>", line 241, in _call_with_frames_removed
  File "app.py", line 21, in <module>
    from app.forms import Form_Contact, Form_Basket_Add, Form_Basket_Edit, Form_Billing, Form_Delivery_Region, Form_Currency # , Form_Product
    ^^^^^^^^^^^^^^^^^^^^^^^^^^^^^^^^^^^^^^^^^^^^^^^^^^^^^^^^^^^^^^^^^^^^^^^^^^^^^^^^^^^^^^^^^^^^^^^^^^^^^^^^^^^^^^^^^^^^^^^^
  File "/home/partsltd/parts_website/app.py", line 21, in <module>
    from app.forms import Form_Contact, Form_Basket_Add, Form_Basket_Edit, Form_Billing, Form_Delivery_Region, Form_Currency # , Form_Product
    ^^^^^^^^^^^^^^^^^^^^^^^^^^^^^^^^^^^^^^^^^^^^^^^^^^^^^^^^^^^^^^^^^^^^^^^^^^^^^^^^^^^^^^^^^^^^^^^^^^^^^^^^^^^^^^^^^^^^^^^^
ModuleNotFoundError: No module named 'app.forms'; 'app' is not a package
[UID:1401][1313408] Child process with pid: 1350248 was killed by signal: 15, core dumped: no
Traceback (most recent call last):
  File "/home/partsltd/parts_website/passenger_wsgi.py", line 8, in <module>
    wsgi = imp.load_source('wsgi', 'app.py')
           ^^^^^^^^^^^^^^^^^^^^^^^^^^^^^^^^^
  File "/opt/alt/python311/lib64/python3.11/imp.py", line 172, in load_source
    module = _load(spec)
             ^^^^^^^^^^^
  File "<frozen importlib._bootstrap>", line 721, in _load
  File "<frozen importlib._bootstrap>", line 690, in _load_unlocked
  File "<frozen importlib._bootstrap_external>", line 940, in exec_module
  File "<frozen importlib._bootstrap>", line 241, in _call_with_frames_removed
  File "app.py", line 21, in <module>
    from app.forms import Form_Contact, Form_Basket_Add, Form_Basket_Edit, Form_Billing, Form_Delivery_Region, Form_Currency # , Form_Product
    ^^^^^^^^^^^^^^^^^^^^^^^^^^^^^^^^^^^^^^^^^^^^^^^^^^^^^^^^^^^^^^^^^^^^^^^^^^^^^^^^^^^^^^^^^^^^^^^^^^^^^^^^^^^^^^^^^^^^^^^^
  File "/home/partsltd/parts_website/app.py", line 21, in <module>
    from app.forms import Form_Contact, Form_Basket_Add, Form_Basket_Edit, Form_Billing, Form_Delivery_Region, Form_Currency # , Form_Product
    ^^^^^^^^^^^^^^^^^^^^^^^^^^^^^^^^^^^^^^^^^^^^^^^^^^^^^^^^^^^^^^^^^^^^^^^^^^^^^^^^^^^^^^^^^^^^^^^^^^^^^^^^^^^^^^^^^^^^^^^^
ModuleNotFoundError: No module named 'app.forms'; 'app' is not a package
[UID:1401][1313408] Child process with pid: 1368324 was killed by signal: 15, core dumped: no
Traceback (most recent call last):
  File "/home/partsltd/parts_website/passenger_wsgi.py", line 8, in <module>
    wsgi = imp.load_source('wsgi', 'app.py')
           ^^^^^^^^^^^^^^^^^^^^^^^^^^^^^^^^^
  File "/opt/alt/python311/lib64/python3.11/imp.py", line 172, in load_source
    module = _load(spec)
             ^^^^^^^^^^^
  File "<frozen importlib._bootstrap>", line 721, in _load
  File "<frozen importlib._bootstrap>", line 690, in _load_unlocked
  File "<frozen importlib._bootstrap_external>", line 940, in exec_module
  File "<frozen importlib._bootstrap>", line 241, in _call_with_frames_removed
  File "app.py", line 21, in <module>
    from app.forms import Form_Contact, Form_Basket_Add, Form_Basket_Edit, Form_Billing, Form_Delivery_Region, Form_Currency # , Form_Product
    ^^^^^^^^^^^^^^^^^^^^^^^^^^^^^^^^^^^^^^^^^^^^^^^^^^^^^^^^^^^^^^^^^^^^^^^^^^^^^^^^^^^^^^^^^^^^^^^^^^^^^^^^^^^^^^^^^^^^^^^^
  File "/home/partsltd/parts_website/app.py", line 21, in <module>
    from app.forms import Form_Contact, Form_Basket_Add, Form_Basket_Edit, Form_Billing, Form_Delivery_Region, Form_Currency # , Form_Product
    ^^^^^^^^^^^^^^^^^^^^^^^^^^^^^^^^^^^^^^^^^^^^^^^^^^^^^^^^^^^^^^^^^^^^^^^^^^^^^^^^^^^^^^^^^^^^^^^^^^^^^^^^^^^^^^^^^^^^^^^^
ModuleNotFoundError: No module named 'app.forms'; 'app' is not a package
[UID:1401][1313408] Child process with pid: 1371773 was killed by signal: 15, core dumped: no
Traceback (most recent call last):
  File "/home/partsltd/parts_website/passenger_wsgi.py", line 8, in <module>
    wsgi = imp.load_source('wsgi', 'app.py')
           ^^^^^^^^^^^^^^^^^^^^^^^^^^^^^^^^^
  File "/opt/alt/python311/lib64/python3.11/imp.py", line 172, in load_source
    module = _load(spec)
             ^^^^^^^^^^^
  File "<frozen importlib._bootstrap>", line 721, in _load
  File "<frozen importlib._bootstrap>", line 690, in _load_unlocked
  File "<frozen importlib._bootstrap_external>", line 940, in exec_module
  File "<frozen importlib._bootstrap>", line 241, in _call_with_frames_removed
  File "app.py", line 21, in <module>
    from app.forms import Form_Contact, Form_Basket_Add, Form_Basket_Edit, Form_Billing, Form_Delivery_Region, Form_Currency # , Form_Product
    ^^^^^^^^^^^^^^^^^^^^^^^^^^^^^^^^^^^^^^^^^^^^^^^^^^^^^^^^^^^^^^^^^^^^^^^^^^^^^^^^^^^^^^^^^^^^^^^^^^^^^^^^^^^^^^^^^^^^^^^^
  File "/home/partsltd/parts_website/app.py", line 21, in <module>
    from app.forms import Form_Contact, Form_Basket_Add, Form_Basket_Edit, Form_Billing, Form_Delivery_Region, Form_Currency # , Form_Product
    ^^^^^^^^^^^^^^^^^^^^^^^^^^^^^^^^^^^^^^^^^^^^^^^^^^^^^^^^^^^^^^^^^^^^^^^^^^^^^^^^^^^^^^^^^^^^^^^^^^^^^^^^^^^^^^^^^^^^^^^^
ModuleNotFoundError: No module named 'app.forms'; 'app' is not a package
Traceback (most recent call last):
  File "/home/partsltd/parts_website/passenger_wsgi.py", line 8, in <module>
    wsgi = imp.load_source('wsgi', 'app.py')
           ^^^^^^^^^^^^^^^^^^^^^^^^^^^^^^^^^
  File "/opt/alt/python311/lib64/python3.11/imp.py", line 172, in load_source
    module = _load(spec)
             ^^^^^^^^^^^
  File "<frozen importlib._bootstrap>", line 721, in _load
  File "<frozen importlib._bootstrap>", line 690, in _load_unlocked
  File "<frozen importlib._bootstrap_external>", line 940, in exec_module
  File "<frozen importlib._bootstrap>", line 241, in _call_with_frames_removed
  File "app.py", line 21, in <module>
    from app.forms import Form_Contact, Form_Basket_Add, Form_Basket_Edit, Form_Billing, Form_Delivery_Region, Form_Currency # , Form_Product
    ^^^^^^^^^^^^^^^^^^^^^^^^^^^^^^^^^^^^^^^^^^^^^^^^^^^^^^^^^^^^^^^^^^^^^^^^^^^^^^^^^^^^^^^^^^^^^^^^^^^^^^^^^^^^^^^^^^^^^^^^
  File "/home/partsltd/parts_website/app.py", line 21, in <module>
    from app.forms import Form_Contact, Form_Basket_Add, Form_Basket_Edit, Form_Billing, Form_Delivery_Region, Form_Currency # , Form_Product
    ^^^^^^^^^^^^^^^^^^^^^^^^^^^^^^^^^^^^^^^^^^^^^^^^^^^^^^^^^^^^^^^^^^^^^^^^^^^^^^^^^^^^^^^^^^^^^^^^^^^^^^^^^^^^^^^^^^^^^^^^
ModuleNotFoundError: No module named 'app.forms'; 'app' is not a package
[UID:1401][1391782] Child process with pid: 1391786 was killed by signal: 15, core dumped: no
Traceback (most recent call last):
  File "/home/partsltd/parts_website/passenger_wsgi.py", line 8, in <module>
    wsgi = imp.load_source('wsgi', 'app.py')
           ^^^^^^^^^^^^^^^^^^^^^^^^^^^^^^^^^
  File "/opt/alt/python311/lib64/python3.11/imp.py", line 172, in load_source
    module = _load(spec)
             ^^^^^^^^^^^
  File "<frozen importlib._bootstrap>", line 721, in _load
  File "<frozen importlib._bootstrap>", line 690, in _load_unlocked
  File "<frozen importlib._bootstrap_external>", line 940, in exec_module
  File "<frozen importlib._bootstrap>", line 241, in _call_with_frames_removed
  File "app.py", line 21, in <module>
    from app.forms import Form_Contact, Form_Basket_Add, Form_Basket_Edit, Form_Billing, Form_Delivery_Region, Form_Currency # , Form_Product
    ^^^^^^^^^^^^^^^^^^^^^^^^^^^^^^^^^^^^^^^^^^^^^^^^^^^^^^^^^^^^^^^^^^^^^^^^^^^^^^^^^^^^^^^^^^^^^^^^^^^^^^^^^^^^^^^^^^^^^^^^
  File "/home/partsltd/parts_website/app.py", line 21, in <module>
    from app.forms import Form_Contact, Form_Basket_Add, Form_Basket_Edit, Form_Billing, Form_Delivery_Region, Form_Currency # , Form_Product
    ^^^^^^^^^^^^^^^^^^^^^^^^^^^^^^^^^^^^^^^^^^^^^^^^^^^^^^^^^^^^^^^^^^^^^^^^^^^^^^^^^^^^^^^^^^^^^^^^^^^^^^^^^^^^^^^^^^^^^^^^
ModuleNotFoundError: No module named 'app.forms'; 'app' is not a package
[UID:1401][1313408] Child process with pid: 1391787 was killed by signal: 15, core dumped: no
Traceback (most recent call last):
  File "/home/partsltd/parts_website/passenger_wsgi.py", line 8, in <module>
    wsgi = imp.load_source('wsgi', 'app.py')
           ^^^^^^^^^^^^^^^^^^^^^^^^^^^^^^^^^
  File "/opt/alt/python311/lib64/python3.11/imp.py", line 172, in load_source
    module = _load(spec)
             ^^^^^^^^^^^
  File "<frozen importlib._bootstrap>", line 721, in _load
  File "<frozen importlib._bootstrap>", line 690, in _load_unlocked
  File "<frozen importlib._bootstrap_external>", line 940, in exec_module
  File "<frozen importlib._bootstrap>", line 241, in _call_with_frames_removed
  File "app.py", line 21, in <module>
    from app.forms import Form_Contact, Form_Basket_Add, Form_Basket_Edit, Form_Billing, Form_Delivery_Region, Form_Currency # , Form_Product
    ^^^^^^^^^^^^^^^^^^^^^^^^^^^^^^^^^^^^^^^^^^^^^^^^^^^^^^^^^^^^^^^^^^^^^^^^^^^^^^^^^^^^^^^^^^^^^^^^^^^^^^^^^^^^^^^^^^^^^^^^
  File "/home/partsltd/parts_website/app.py", line 21, in <module>
    from app.forms import Form_Contact, Form_Basket_Add, Form_Basket_Edit, Form_Billing, Form_Delivery_Region, Form_Currency # , Form_Product
    ^^^^^^^^^^^^^^^^^^^^^^^^^^^^^^^^^^^^^^^^^^^^^^^^^^^^^^^^^^^^^^^^^^^^^^^^^^^^^^^^^^^^^^^^^^^^^^^^^^^^^^^^^^^^^^^^^^^^^^^^
ModuleNotFoundError: No module named 'app.forms'; 'app' is not a package
[UID:1401][1391782] Child process with pid: 1393727 was killed by signal: 15, core dumped: no
Traceback (most recent call last):
  File "/home/partsltd/parts_website/passenger_wsgi.py", line 8, in <module>
    wsgi = imp.load_source('wsgi', 'app.py')
           ^^^^^^^^^^^^^^^^^^^^^^^^^^^^^^^^^
  File "/opt/alt/python311/lib64/python3.11/imp.py", line 172, in load_source
    module = _load(spec)
             ^^^^^^^^^^^
  File "<frozen importlib._bootstrap>", line 721, in _load
  File "<frozen importlib._bootstrap>", line 690, in _load_unlocked
  File "<frozen importlib._bootstrap_external>", line 940, in exec_module
  File "<frozen importlib._bootstrap>", line 241, in _call_with_frames_removed
  File "app.py", line 21, in <module>
    from app.forms import Form_Contact, Form_Basket_Add, Form_Basket_Edit, Form_Billing, Form_Delivery_Region, Form_Currency # , Form_Product
    ^^^^^^^^^^^^^^^^^^^^^^^^^^^^^^^^^^^^^^^^^^^^^^^^^^^^^^^^^^^^^^^^^^^^^^^^^^^^^^^^^^^^^^^^^^^^^^^^^^^^^^^^^^^^^^^^^^^^^^^^
  File "/home/partsltd/parts_website/app.py", line 21, in <module>
    from app.forms import Form_Contact, Form_Basket_Add, Form_Basket_Edit, Form_Billing, Form_Delivery_Region, Form_Currency # , Form_Product
    ^^^^^^^^^^^^^^^^^^^^^^^^^^^^^^^^^^^^^^^^^^^^^^^^^^^^^^^^^^^^^^^^^^^^^^^^^^^^^^^^^^^^^^^^^^^^^^^^^^^^^^^^^^^^^^^^^^^^^^^^
ModuleNotFoundError: No module named 'app.forms'; 'app' is not a package
[UID:1401][1313408] Child process with pid: 1393908 was killed by signal: 15, core dumped: no
Traceback (most recent call last):
  File "/home/partsltd/parts_website/passenger_wsgi.py", line 8, in <module>
    wsgi = imp.load_source('wsgi', 'app.py')
           ^^^^^^^^^^^^^^^^^^^^^^^^^^^^^^^^^
  File "/opt/alt/python311/lib64/python3.11/imp.py", line 172, in load_source
    module = _load(spec)
             ^^^^^^^^^^^
  File "<frozen importlib._bootstrap>", line 721, in _load
  File "<frozen importlib._bootstrap>", line 690, in _load_unlocked
  File "<frozen importlib._bootstrap_external>", line 940, in exec_module
  File "<frozen importlib._bootstrap>", line 241, in _call_with_frames_removed
  File "app.py", line 21, in <module>
    from app.forms import Form_Contact, Form_Basket_Add, Form_Basket_Edit, Form_Billing, Form_Delivery_Region, Form_Currency # , Form_Product
    ^^^^^^^^^^^^^^^^^^^^^^^^^^^^^^^^^^^^^^^^^^^^^^^^^^^^^^^^^^^^^^^^^^^^^^^^^^^^^^^^^^^^^^^^^^^^^^^^^^^^^^^^^^^^^^^^^^^^^^^^
  File "/home/partsltd/parts_website/app.py", line 21, in <module>
    from app.forms import Form_Contact, Form_Basket_Add, Form_Basket_Edit, Form_Billing, Form_Delivery_Region, Form_Currency # , Form_Product
    ^^^^^^^^^^^^^^^^^^^^^^^^^^^^^^^^^^^^^^^^^^^^^^^^^^^^^^^^^^^^^^^^^^^^^^^^^^^^^^^^^^^^^^^^^^^^^^^^^^^^^^^^^^^^^^^^^^^^^^^^
ModuleNotFoundError: No module named 'app.forms'; 'app' is not a package
[UID:1401][1391782] Child process with pid: 1393911 was killed by signal: 15, core dumped: no
Traceback (most recent call last):
  File "/home/partsltd/parts_website/passenger_wsgi.py", line 8, in <module>
    wsgi = imp.load_source('wsgi', 'app.py')
           ^^^^^^^^^^^^^^^^^^^^^^^^^^^^^^^^^
  File "/opt/alt/python311/lib64/python3.11/imp.py", line 172, in load_source
    module = _load(spec)
             ^^^^^^^^^^^
  File "<frozen importlib._bootstrap>", line 721, in _load
  File "<frozen importlib._bootstrap>", line 690, in _load_unlocked
  File "<frozen importlib._bootstrap_external>", line 940, in exec_module
  File "<frozen importlib._bootstrap>", line 241, in _call_with_frames_removed
  File "app.py", line 21, in <module>
    from app.forms import Form_Contact, Form_Basket_Add, Form_Basket_Edit, Form_Billing, Form_Delivery_Region, Form_Currency # , Form_Product
    ^^^^^^^^^^^^^^^^^^^^^^^^^^^^^^^^^^^^^^^^^^^^^^^^^^^^^^^^^^^^^^^^^^^^^^^^^^^^^^^^^^^^^^^^^^^^^^^^^^^^^^^^^^^^^^^^^^^^^^^^
  File "/home/partsltd/parts_website/app.py", line 21, in <module>
    from app.forms import Form_Contact, Form_Basket_Add, Form_Basket_Edit, Form_Billing, Form_Delivery_Region, Form_Currency # , Form_Product
    ^^^^^^^^^^^^^^^^^^^^^^^^^^^^^^^^^^^^^^^^^^^^^^^^^^^^^^^^^^^^^^^^^^^^^^^^^^^^^^^^^^^^^^^^^^^^^^^^^^^^^^^^^^^^^^^^^^^^^^^^
ModuleNotFoundError: No module named 'app.forms'; 'app' is not a package
[UID:1401][1313408] Child process with pid: 1393914 was killed by signal: 15, core dumped: no
Traceback (most recent call last):
  File "/home/partsltd/parts_website/passenger_wsgi.py", line 8, in <module>
    wsgi = imp.load_source('wsgi', 'app.py')
           ^^^^^^^^^^^^^^^^^^^^^^^^^^^^^^^^^
  File "/opt/alt/python311/lib64/python3.11/imp.py", line 172, in load_source
    module = _load(spec)
             ^^^^^^^^^^^
  File "<frozen importlib._bootstrap>", line 721, in _load
  File "<frozen importlib._bootstrap>", line 690, in _load_unlocked
  File "<frozen importlib._bootstrap_external>", line 940, in exec_module
  File "<frozen importlib._bootstrap>", line 241, in _call_with_frames_removed
  File "app.py", line 21, in <module>
    from app.forms import Form_Contact, Form_Basket_Add, Form_Basket_Edit, Form_Billing, Form_Delivery_Region, Form_Currency # , Form_Product
    ^^^^^^^^^^^^^^^^^^^^^^^^^^^^^^^^^^^^^^^^^^^^^^^^^^^^^^^^^^^^^^^^^^^^^^^^^^^^^^^^^^^^^^^^^^^^^^^^^^^^^^^^^^^^^^^^^^^^^^^^
  File "/home/partsltd/parts_website/app.py", line 21, in <module>
    from app.forms import Form_Contact, Form_Basket_Add, Form_Basket_Edit, Form_Billing, Form_Delivery_Region, Form_Currency # , Form_Product
    ^^^^^^^^^^^^^^^^^^^^^^^^^^^^^^^^^^^^^^^^^^^^^^^^^^^^^^^^^^^^^^^^^^^^^^^^^^^^^^^^^^^^^^^^^^^^^^^^^^^^^^^^^^^^^^^^^^^^^^^^
ModuleNotFoundError: No module named 'app.forms'; 'app' is not a package
[UID:1401][1313408] Child process with pid: 1393929 was killed by signal: 15, core dumped: no
Traceback (most recent call last):
  File "/home/partsltd/parts_website/passenger_wsgi.py", line 8, in <module>
    wsgi = imp.load_source('wsgi', 'app.py')
           ^^^^^^^^^^^^^^^^^^^^^^^^^^^^^^^^^
  File "/opt/alt/python311/lib64/python3.11/imp.py", line 172, in load_source
    module = _load(spec)
             ^^^^^^^^^^^
  File "<frozen importlib._bootstrap>", line 721, in _load
  File "<frozen importlib._bootstrap>", line 690, in _load_unlocked
  File "<frozen importlib._bootstrap_external>", line 940, in exec_module
  File "<frozen importlib._bootstrap>", line 241, in _call_with_frames_removed
  File "app.py", line 21, in <module>
    from app.forms import Form_Contact, Form_Basket_Add, Form_Basket_Edit, Form_Billing, Form_Delivery_Region, Form_Currency # , Form_Product
    ^^^^^^^^^^^^^^^^^^^^^^^^^^^^^^^^^^^^^^^^^^^^^^^^^^^^^^^^^^^^^^^^^^^^^^^^^^^^^^^^^^^^^^^^^^^^^^^^^^^^^^^^^^^^^^^^^^^^^^^^
  File "/home/partsltd/parts_website/app.py", line 21, in <module>
    from app.forms import Form_Contact, Form_Basket_Add, Form_Basket_Edit, Form_Billing, Form_Delivery_Region, Form_Currency # , Form_Product
    ^^^^^^^^^^^^^^^^^^^^^^^^^^^^^^^^^^^^^^^^^^^^^^^^^^^^^^^^^^^^^^^^^^^^^^^^^^^^^^^^^^^^^^^^^^^^^^^^^^^^^^^^^^^^^^^^^^^^^^^^
ModuleNotFoundError: No module named 'app.forms'; 'app' is not a package
[UID:1401][1391782] Child process with pid: 1394112 was killed by signal: 15, core dumped: no
Traceback (most recent call last):
  File "/home/partsltd/parts_website/passenger_wsgi.py", line 8, in <module>
    wsgi = imp.load_source('wsgi', 'app.py')
           ^^^^^^^^^^^^^^^^^^^^^^^^^^^^^^^^^
  File "/opt/alt/python311/lib64/python3.11/imp.py", line 172, in load_source
    module = _load(spec)
             ^^^^^^^^^^^
  File "<frozen importlib._bootstrap>", line 721, in _load
  File "<frozen importlib._bootstrap>", line 690, in _load_unlocked
  File "<frozen importlib._bootstrap_external>", line 940, in exec_module
  File "<frozen importlib._bootstrap>", line 241, in _call_with_frames_removed
  File "app.py", line 21, in <module>
    from app.forms import Form_Contact, Form_Basket_Add, Form_Basket_Edit, Form_Billing, Form_Delivery_Region, Form_Currency # , Form_Product
    ^^^^^^^^^^^^^^^^^^^^^^^^^^^^^^^^^^^^^^^^^^^^^^^^^^^^^^^^^^^^^^^^^^^^^^^^^^^^^^^^^^^^^^^^^^^^^^^^^^^^^^^^^^^^^^^^^^^^^^^^
  File "/home/partsltd/parts_website/app.py", line 21, in <module>
    from app.forms import Form_Contact, Form_Basket_Add, Form_Basket_Edit, Form_Billing, Form_Delivery_Region, Form_Currency # , Form_Product
    ^^^^^^^^^^^^^^^^^^^^^^^^^^^^^^^^^^^^^^^^^^^^^^^^^^^^^^^^^^^^^^^^^^^^^^^^^^^^^^^^^^^^^^^^^^^^^^^^^^^^^^^^^^^^^^^^^^^^^^^^
ModuleNotFoundError: No module named 'app.forms'; 'app' is not a package
[UID:1401][1391782] Child process with pid: 1394118 was killed by signal: 15, core dumped: no
Traceback (most recent call last):
  File "/home/partsltd/parts_website/passenger_wsgi.py", line 8, in <module>
    wsgi = imp.load_source('wsgi', 'app.py')
           ^^^^^^^^^^^^^^^^^^^^^^^^^^^^^^^^^
  File "/opt/alt/python311/lib64/python3.11/imp.py", line 172, in load_source
    module = _load(spec)
             ^^^^^^^^^^^
  File "<frozen importlib._bootstrap>", line 721, in _load
  File "<frozen importlib._bootstrap>", line 690, in _load_unlocked
  File "<frozen importlib._bootstrap_external>", line 940, in exec_module
  File "<frozen importlib._bootstrap>", line 241, in _call_with_frames_removed
  File "app.py", line 21, in <module>
    from app.forms import Form_Contact, Form_Basket_Add, Form_Basket_Edit, Form_Billing, Form_Delivery_Region, Form_Currency # , Form_Product
    ^^^^^^^^^^^^^^^^^^^^^^^^^^^^^^^^^^^^^^^^^^^^^^^^^^^^^^^^^^^^^^^^^^^^^^^^^^^^^^^^^^^^^^^^^^^^^^^^^^^^^^^^^^^^^^^^^^^^^^^^
  File "/home/partsltd/parts_website/app.py", line 21, in <module>
    from app.forms import Form_Contact, Form_Basket_Add, Form_Basket_Edit, Form_Billing, Form_Delivery_Region, Form_Currency # , Form_Product
    ^^^^^^^^^^^^^^^^^^^^^^^^^^^^^^^^^^^^^^^^^^^^^^^^^^^^^^^^^^^^^^^^^^^^^^^^^^^^^^^^^^^^^^^^^^^^^^^^^^^^^^^^^^^^^^^^^^^^^^^^
ModuleNotFoundError: No module named 'app.forms'; 'app' is not a package
[UID:1401][1313408] Child process with pid: 1394120 was killed by signal: 15, core dumped: no
Traceback (most recent call last):
  File "/home/partsltd/parts_website/passenger_wsgi.py", line 8, in <module>
    wsgi = imp.load_source('wsgi', 'app.py')
           ^^^^^^^^^^^^^^^^^^^^^^^^^^^^^^^^^
  File "/opt/alt/python311/lib64/python3.11/imp.py", line 172, in load_source
    module = _load(spec)
             ^^^^^^^^^^^
  File "<frozen importlib._bootstrap>", line 721, in _load
  File "<frozen importlib._bootstrap>", line 690, in _load_unlocked
  File "<frozen importlib._bootstrap_external>", line 940, in exec_module
  File "<frozen importlib._bootstrap>", line 241, in _call_with_frames_removed
  File "app.py", line 21, in <module>
    from app.forms import Form_Contact, Form_Basket_Add, Form_Basket_Edit, Form_Billing, Form_Delivery_Region, Form_Currency # , Form_Product
    ^^^^^^^^^^^^^^^^^^^^^^^^^^^^^^^^^^^^^^^^^^^^^^^^^^^^^^^^^^^^^^^^^^^^^^^^^^^^^^^^^^^^^^^^^^^^^^^^^^^^^^^^^^^^^^^^^^^^^^^^
  File "/home/partsltd/parts_website/app.py", line 21, in <module>
    from app.forms import Form_Contact, Form_Basket_Add, Form_Basket_Edit, Form_Billing, Form_Delivery_Region, Form_Currency # , Form_Product
    ^^^^^^^^^^^^^^^^^^^^^^^^^^^^^^^^^^^^^^^^^^^^^^^^^^^^^^^^^^^^^^^^^^^^^^^^^^^^^^^^^^^^^^^^^^^^^^^^^^^^^^^^^^^^^^^^^^^^^^^^
ModuleNotFoundError: No module named 'app.forms'; 'app' is not a package
[UID:1401][1391782] Child process with pid: 1394123 was killed by signal: 15, core dumped: no
Traceback (most recent call last):
  File "/home/partsltd/parts_website/passenger_wsgi.py", line 8, in <module>
    wsgi = imp.load_source('wsgi', 'app.py')
           ^^^^^^^^^^^^^^^^^^^^^^^^^^^^^^^^^
  File "/opt/alt/python311/lib64/python3.11/imp.py", line 172, in load_source
    module = _load(spec)
             ^^^^^^^^^^^
  File "<frozen importlib._bootstrap>", line 721, in _load
  File "<frozen importlib._bootstrap>", line 690, in _load_unlocked
  File "<frozen importlib._bootstrap_external>", line 940, in exec_module
  File "<frozen importlib._bootstrap>", line 241, in _call_with_frames_removed
  File "app.py", line 21, in <module>
    from app.forms import Form_Contact, Form_Basket_Add, Form_Basket_Edit, Form_Billing, Form_Delivery_Region, Form_Currency # , Form_Product
    ^^^^^^^^^^^^^^^^^^^^^^^^^^^^^^^^^^^^^^^^^^^^^^^^^^^^^^^^^^^^^^^^^^^^^^^^^^^^^^^^^^^^^^^^^^^^^^^^^^^^^^^^^^^^^^^^^^^^^^^^
  File "/home/partsltd/parts_website/app.py", line 21, in <module>
    from app.forms import Form_Contact, Form_Basket_Add, Form_Basket_Edit, Form_Billing, Form_Delivery_Region, Form_Currency # , Form_Product
    ^^^^^^^^^^^^^^^^^^^^^^^^^^^^^^^^^^^^^^^^^^^^^^^^^^^^^^^^^^^^^^^^^^^^^^^^^^^^^^^^^^^^^^^^^^^^^^^^^^^^^^^^^^^^^^^^^^^^^^^^
ModuleNotFoundError: No module named 'app.forms'; 'app' is not a package
[UID:1401][1313408] Child process with pid: 1394125 was killed by signal: 15, core dumped: no
Traceback (most recent call last):
  File "/home/partsltd/parts_website/passenger_wsgi.py", line 8, in <module>
    wsgi = imp.load_source('wsgi', 'app.py')
           ^^^^^^^^^^^^^^^^^^^^^^^^^^^^^^^^^
  File "/opt/alt/python311/lib64/python3.11/imp.py", line 172, in load_source
    module = _load(spec)
             ^^^^^^^^^^^
  File "<frozen importlib._bootstrap>", line 721, in _load
  File "<frozen importlib._bootstrap>", line 690, in _load_unlocked
  File "<frozen importlib._bootstrap_external>", line 940, in exec_module
  File "<frozen importlib._bootstrap>", line 241, in _call_with_frames_removed
  File "app.py", line 21, in <module>
    from app.forms import Form_Contact, Form_Basket_Add, Form_Basket_Edit, Form_Billing, Form_Delivery_Region, Form_Currency # , Form_Product
    ^^^^^^^^^^^^^^^^^^^^^^^^^^^^^^^^^^^^^^^^^^^^^^^^^^^^^^^^^^^^^^^^^^^^^^^^^^^^^^^^^^^^^^^^^^^^^^^^^^^^^^^^^^^^^^^^^^^^^^^^
  File "/home/partsltd/parts_website/app.py", line 21, in <module>
    from app.forms import Form_Contact, Form_Basket_Add, Form_Basket_Edit, Form_Billing, Form_Delivery_Region, Form_Currency # , Form_Product
    ^^^^^^^^^^^^^^^^^^^^^^^^^^^^^^^^^^^^^^^^^^^^^^^^^^^^^^^^^^^^^^^^^^^^^^^^^^^^^^^^^^^^^^^^^^^^^^^^^^^^^^^^^^^^^^^^^^^^^^^^
ModuleNotFoundError: No module named 'app.forms'; 'app' is not a package
[UID:1401][1391782] Child process with pid: 1394325 was killed by signal: 15, core dumped: no
Traceback (most recent call last):
  File "/home/partsltd/parts_website/passenger_wsgi.py", line 8, in <module>
    wsgi = imp.load_source('wsgi', 'app.py')
           ^^^^^^^^^^^^^^^^^^^^^^^^^^^^^^^^^
  File "/opt/alt/python311/lib64/python3.11/imp.py", line 172, in load_source
    module = _load(spec)
             ^^^^^^^^^^^
  File "<frozen importlib._bootstrap>", line 721, in _load
  File "<frozen importlib._bootstrap>", line 690, in _load_unlocked
  File "<frozen importlib._bootstrap_external>", line 940, in exec_module
  File "<frozen importlib._bootstrap>", line 241, in _call_with_frames_removed
  File "app.py", line 21, in <module>
    from app.forms import Form_Contact, Form_Basket_Add, Form_Basket_Edit, Form_Billing, Form_Delivery_Region, Form_Currency # , Form_Product
    ^^^^^^^^^^^^^^^^^^^^^^^^^^^^^^^^^^^^^^^^^^^^^^^^^^^^^^^^^^^^^^^^^^^^^^^^^^^^^^^^^^^^^^^^^^^^^^^^^^^^^^^^^^^^^^^^^^^^^^^^
  File "/home/partsltd/parts_website/app.py", line 21, in <module>
    from app.forms import Form_Contact, Form_Basket_Add, Form_Basket_Edit, Form_Billing, Form_Delivery_Region, Form_Currency # , Form_Product
    ^^^^^^^^^^^^^^^^^^^^^^^^^^^^^^^^^^^^^^^^^^^^^^^^^^^^^^^^^^^^^^^^^^^^^^^^^^^^^^^^^^^^^^^^^^^^^^^^^^^^^^^^^^^^^^^^^^^^^^^^
ModuleNotFoundError: No module named 'app.forms'; 'app' is not a package
[UID:1401][1391782] Child process with pid: 1394326 was killed by signal: 15, core dumped: no
Traceback (most recent call last):
  File "/home/partsltd/parts_website/passenger_wsgi.py", line 8, in <module>
    wsgi = imp.load_source('wsgi', 'app.py')
           ^^^^^^^^^^^^^^^^^^^^^^^^^^^^^^^^^
  File "/opt/alt/python311/lib64/python3.11/imp.py", line 172, in load_source
    module = _load(spec)
             ^^^^^^^^^^^
  File "<frozen importlib._bootstrap>", line 721, in _load
  File "<frozen importlib._bootstrap>", line 690, in _load_unlocked
  File "<frozen importlib._bootstrap_external>", line 940, in exec_module
  File "<frozen importlib._bootstrap>", line 241, in _call_with_frames_removed
  File "app.py", line 21, in <module>
    from app.forms import Form_Contact, Form_Basket_Add, Form_Basket_Edit, Form_Billing, Form_Delivery_Region, Form_Currency # , Form_Product
    ^^^^^^^^^^^^^^^^^^^^^^^^^^^^^^^^^^^^^^^^^^^^^^^^^^^^^^^^^^^^^^^^^^^^^^^^^^^^^^^^^^^^^^^^^^^^^^^^^^^^^^^^^^^^^^^^^^^^^^^^
  File "/home/partsltd/parts_website/app.py", line 21, in <module>
    from app.forms import Form_Contact, Form_Basket_Add, Form_Basket_Edit, Form_Billing, Form_Delivery_Region, Form_Currency # , Form_Product
    ^^^^^^^^^^^^^^^^^^^^^^^^^^^^^^^^^^^^^^^^^^^^^^^^^^^^^^^^^^^^^^^^^^^^^^^^^^^^^^^^^^^^^^^^^^^^^^^^^^^^^^^^^^^^^^^^^^^^^^^^
ModuleNotFoundError: No module named 'app.forms'; 'app' is not a package
[UID:1401][1391782] Child process with pid: 1394331 was killed by signal: 15, core dumped: no
Traceback (most recent call last):
  File "/home/partsltd/parts_website/passenger_wsgi.py", line 8, in <module>
    wsgi = imp.load_source('wsgi', 'app.py')
           ^^^^^^^^^^^^^^^^^^^^^^^^^^^^^^^^^
  File "/opt/alt/python311/lib64/python3.11/imp.py", line 172, in load_source
    module = _load(spec)
             ^^^^^^^^^^^
  File "<frozen importlib._bootstrap>", line 721, in _load
  File "<frozen importlib._bootstrap>", line 690, in _load_unlocked
  File "<frozen importlib._bootstrap_external>", line 940, in exec_module
  File "<frozen importlib._bootstrap>", line 241, in _call_with_frames_removed
  File "app.py", line 21, in <module>
    from app.forms import Form_Contact, Form_Basket_Add, Form_Basket_Edit, Form_Billing, Form_Delivery_Region, Form_Currency # , Form_Product
    ^^^^^^^^^^^^^^^^^^^^^^^^^^^^^^^^^^^^^^^^^^^^^^^^^^^^^^^^^^^^^^^^^^^^^^^^^^^^^^^^^^^^^^^^^^^^^^^^^^^^^^^^^^^^^^^^^^^^^^^^
  File "/home/partsltd/parts_website/app.py", line 21, in <module>
    from app.forms import Form_Contact, Form_Basket_Add, Form_Basket_Edit, Form_Billing, Form_Delivery_Region, Form_Currency # , Form_Product
    ^^^^^^^^^^^^^^^^^^^^^^^^^^^^^^^^^^^^^^^^^^^^^^^^^^^^^^^^^^^^^^^^^^^^^^^^^^^^^^^^^^^^^^^^^^^^^^^^^^^^^^^^^^^^^^^^^^^^^^^^
ModuleNotFoundError: No module named 'app.forms'; 'app' is not a package
Traceback (most recent call last):
  File "/home/partsltd/parts_website/passenger_wsgi.py", line 8, in <module>
    wsgi = imp.load_source('wsgi', 'app.py')
           ^^^^^^^^^^^^^^^^^^^^^^^^^^^^^^^^^
  File "/opt/alt/python311/lib64/python3.11/imp.py", line 172, in load_source
    module = _load(spec)
             ^^^^^^^^^^^
  File "<frozen importlib._bootstrap>", line 721, in _load
  File "<frozen importlib._bootstrap>", line 690, in _load_unlocked
  File "<frozen importlib._bootstrap_external>", line 940, in exec_module
  File "<frozen importlib._bootstrap>", line 241, in _call_with_frames_removed
  File "app.py", line 21, in <module>
    from app.forms import Form_Contact, Form_Basket_Add, Form_Basket_Edit, Form_Billing, Form_Delivery_Region, Form_Currency # , Form_Product
    ^^^^^^^^^^^^^^^^^^^^^^^^^^^^^^^^^^^^^^^^^^^^^^^^^^^^^^^^^^^^^^^^^^^^^^^^^^^^^^^^^^^^^^^^^^^^^^^^^^^^^^^^^^^^^^^^^^^^^^^^
  File "/home/partsltd/parts_website/app.py", line 21, in <module>
    from app.forms import Form_Contact, Form_Basket_Add, Form_Basket_Edit, Form_Billing, Form_Delivery_Region, Form_Currency # , Form_Product
    ^^^^^^^^^^^^^^^^^^^^^^^^^^^^^^^^^^^^^^^^^^^^^^^^^^^^^^^^^^^^^^^^^^^^^^^^^^^^^^^^^^^^^^^^^^^^^^^^^^^^^^^^^^^^^^^^^^^^^^^^
ModuleNotFoundError: No module named 'app.forms'; 'app' is not a package
[UID:1401][1606663] Child process with pid: 1606666 was killed by signal: 15, core dumped: no
Traceback (most recent call last):
  File "/home/partsltd/parts_website/passenger_wsgi.py", line 8, in <module>
    wsgi = imp.load_source('wsgi', 'app.py')
           ^^^^^^^^^^^^^^^^^^^^^^^^^^^^^^^^^
  File "/opt/alt/python311/lib64/python3.11/imp.py", line 172, in load_source
    module = _load(spec)
             ^^^^^^^^^^^
  File "<frozen importlib._bootstrap>", line 721, in _load
  File "<frozen importlib._bootstrap>", line 690, in _load_unlocked
  File "<frozen importlib._bootstrap_external>", line 940, in exec_module
  File "<frozen importlib._bootstrap>", line 241, in _call_with_frames_removed
  File "app.py", line 21, in <module>
    from app.forms import Form_Contact, Form_Basket_Add, Form_Basket_Edit, Form_Billing, Form_Delivery_Region, Form_Currency # , Form_Product
    ^^^^^^^^^^^^^^^^^^^^^^^^^^^^^^^^^^^^^^^^^^^^^^^^^^^^^^^^^^^^^^^^^^^^^^^^^^^^^^^^^^^^^^^^^^^^^^^^^^^^^^^^^^^^^^^^^^^^^^^^
  File "/home/partsltd/parts_website/app.py", line 21, in <module>
    from app.forms import Form_Contact, Form_Basket_Add, Form_Basket_Edit, Form_Billing, Form_Delivery_Region, Form_Currency # , Form_Product
    ^^^^^^^^^^^^^^^^^^^^^^^^^^^^^^^^^^^^^^^^^^^^^^^^^^^^^^^^^^^^^^^^^^^^^^^^^^^^^^^^^^^^^^^^^^^^^^^^^^^^^^^^^^^^^^^^^^^^^^^^
ModuleNotFoundError: No module named 'app.forms'; 'app' is not a package
Traceback (most recent call last):
  File "/home/partsltd/parts_website/passenger_wsgi.py", line 8, in <module>
    wsgi = imp.load_source('wsgi', 'app.py')
           ^^^^^^^^^^^^^^^^^^^^^^^^^^^^^^^^^
  File "/opt/alt/python311/lib64/python3.11/imp.py", line 172, in load_source
    module = _load(spec)
             ^^^^^^^^^^^
  File "<frozen importlib._bootstrap>", line 721, in _load
  File "<frozen importlib._bootstrap>", line 690, in _load_unlocked
  File "<frozen importlib._bootstrap_external>", line 940, in exec_module
  File "<frozen importlib._bootstrap>", line 241, in _call_with_frames_removed
  File "app.py", line 21, in <module>
    from app.forms import Form_Contact, Form_Basket_Add, Form_Basket_Edit, Form_Billing, Form_Delivery_Region, Form_Currency # , Form_Product
    ^^^^^^^^^^^^^^^^^^^^^^^^^^^^^^^^^^^^^^^^^^^^^^^^^^^^^^^^^^^^^^^^^^^^^^^^^^^^^^^^^^^^^^^^^^^^^^^^^^^^^^^^^^^^^^^^^^^^^^^^
  File "/home/partsltd/parts_website/app.py", line 21, in <module>
    from app.forms import Form_Contact, Form_Basket_Add, Form_Basket_Edit, Form_Billing, Form_Delivery_Region, Form_Currency # , Form_Product
    ^^^^^^^^^^^^^^^^^^^^^^^^^^^^^^^^^^^^^^^^^^^^^^^^^^^^^^^^^^^^^^^^^^^^^^^^^^^^^^^^^^^^^^^^^^^^^^^^^^^^^^^^^^^^^^^^^^^^^^^^
ModuleNotFoundError: No module named 'app.forms'; 'app' is not a package
[UID:1401][1694015] Child process with pid: 1694018 was killed by signal: 15, core dumped: no
Traceback (most recent call last):
  File "/home/partsltd/parts_website/passenger_wsgi.py", line 8, in <module>
    wsgi = imp.load_source('wsgi', 'app.py')
           ^^^^^^^^^^^^^^^^^^^^^^^^^^^^^^^^^
  File "/opt/alt/python311/lib64/python3.11/imp.py", line 172, in load_source
    module = _load(spec)
             ^^^^^^^^^^^
  File "<frozen importlib._bootstrap>", line 721, in _load
  File "<frozen importlib._bootstrap>", line 690, in _load_unlocked
  File "<frozen importlib._bootstrap_external>", line 940, in exec_module
  File "<frozen importlib._bootstrap>", line 241, in _call_with_frames_removed
  File "app.py", line 21, in <module>
    from app.forms import Form_Contact, Form_Basket_Add, Form_Basket_Edit, Form_Billing, Form_Delivery_Region, Form_Currency # , Form_Product
    ^^^^^^^^^^^^^^^^^^^^^^^^^^^^^^^^^^^^^^^^^^^^^^^^^^^^^^^^^^^^^^^^^^^^^^^^^^^^^^^^^^^^^^^^^^^^^^^^^^^^^^^^^^^^^^^^^^^^^^^^
  File "/home/partsltd/parts_website/app.py", line 21, in <module>
    from app.forms import Form_Contact, Form_Basket_Add, Form_Basket_Edit, Form_Billing, Form_Delivery_Region, Form_Currency # , Form_Product
    ^^^^^^^^^^^^^^^^^^^^^^^^^^^^^^^^^^^^^^^^^^^^^^^^^^^^^^^^^^^^^^^^^^^^^^^^^^^^^^^^^^^^^^^^^^^^^^^^^^^^^^^^^^^^^^^^^^^^^^^^
ModuleNotFoundError: No module named 'app.forms'; 'app' is not a package
[UID:1401][1694015] Child process with pid: 1694021 was killed by signal: 15, core dumped: no
Traceback (most recent call last):
  File "/home/partsltd/parts_website/passenger_wsgi.py", line 8, in <module>
    wsgi = imp.load_source('wsgi', 'app.py')
           ^^^^^^^^^^^^^^^^^^^^^^^^^^^^^^^^^
  File "/opt/alt/python311/lib64/python3.11/imp.py", line 172, in load_source
    module = _load(spec)
             ^^^^^^^^^^^
  File "<frozen importlib._bootstrap>", line 721, in _load
  File "<frozen importlib._bootstrap>", line 690, in _load_unlocked
  File "<frozen importlib._bootstrap_external>", line 940, in exec_module
  File "<frozen importlib._bootstrap>", line 241, in _call_with_frames_removed
  File "app.py", line 21, in <module>
    from app.forms import Form_Contact, Form_Basket_Add, Form_Basket_Edit, Form_Billing, Form_Delivery_Region, Form_Currency # , Form_Product
    ^^^^^^^^^^^^^^^^^^^^^^^^^^^^^^^^^^^^^^^^^^^^^^^^^^^^^^^^^^^^^^^^^^^^^^^^^^^^^^^^^^^^^^^^^^^^^^^^^^^^^^^^^^^^^^^^^^^^^^^^
  File "/home/partsltd/parts_website/app.py", line 21, in <module>
    from app.forms import Form_Contact, Form_Basket_Add, Form_Basket_Edit, Form_Billing, Form_Delivery_Region, Form_Currency # , Form_Product
    ^^^^^^^^^^^^^^^^^^^^^^^^^^^^^^^^^^^^^^^^^^^^^^^^^^^^^^^^^^^^^^^^^^^^^^^^^^^^^^^^^^^^^^^^^^^^^^^^^^^^^^^^^^^^^^^^^^^^^^^^
ModuleNotFoundError: No module named 'app.forms'; 'app' is not a package
Traceback (most recent call last):
  File "/home/partsltd/parts_website/passenger_wsgi.py", line 8, in <module>
    wsgi = imp.load_source('wsgi', 'app.py')
           ^^^^^^^^^^^^^^^^^^^^^^^^^^^^^^^^^
  File "/opt/alt/python311/lib64/python3.11/imp.py", line 172, in load_source
    module = _load(spec)
             ^^^^^^^^^^^
  File "<frozen importlib._bootstrap>", line 721, in _load
  File "<frozen importlib._bootstrap>", line 690, in _load_unlocked
  File "<frozen importlib._bootstrap_external>", line 940, in exec_module
  File "<frozen importlib._bootstrap>", line 241, in _call_with_frames_removed
  File "app.py", line 21, in <module>
    from app.forms import Form_Contact, Form_Basket_Add, Form_Basket_Edit, Form_Billing, Form_Delivery_Region, Form_Currency # , Form_Product
    ^^^^^^^^^^^^^^^^^^^^^^^^^^^^^^^^^^^^^^^^^^^^^^^^^^^^^^^^^^^^^^^^^^^^^^^^^^^^^^^^^^^^^^^^^^^^^^^^^^^^^^^^^^^^^^^^^^^^^^^^
  File "/home/partsltd/parts_website/app.py", line 21, in <module>
    from app.forms import Form_Contact, Form_Basket_Add, Form_Basket_Edit, Form_Billing, Form_Delivery_Region, Form_Currency # , Form_Product
    ^^^^^^^^^^^^^^^^^^^^^^^^^^^^^^^^^^^^^^^^^^^^^^^^^^^^^^^^^^^^^^^^^^^^^^^^^^^^^^^^^^^^^^^^^^^^^^^^^^^^^^^^^^^^^^^^^^^^^^^^
ModuleNotFoundError: No module named 'app.forms'; 'app' is not a package
[UID:1401][1825241] Child process with pid: 1825246 was killed by signal: 15, core dumped: no
Traceback (most recent call last):
  File "/home/partsltd/parts_website/passenger_wsgi.py", line 8, in <module>
    wsgi = imp.load_source('wsgi', 'app.py')
           ^^^^^^^^^^^^^^^^^^^^^^^^^^^^^^^^^
  File "/opt/alt/python311/lib64/python3.11/imp.py", line 172, in load_source
    module = _load(spec)
             ^^^^^^^^^^^
  File "<frozen importlib._bootstrap>", line 721, in _load
  File "<frozen importlib._bootstrap>", line 690, in _load_unlocked
  File "<frozen importlib._bootstrap_external>", line 940, in exec_module
  File "<frozen importlib._bootstrap>", line 241, in _call_with_frames_removed
  File "app.py", line 21, in <module>
    from app.forms import Form_Contact, Form_Basket_Add, Form_Basket_Edit, Form_Billing, Form_Delivery_Region, Form_Currency # , Form_Product
    ^^^^^^^^^^^^^^^^^^^^^^^^^^^^^^^^^^^^^^^^^^^^^^^^^^^^^^^^^^^^^^^^^^^^^^^^^^^^^^^^^^^^^^^^^^^^^^^^^^^^^^^^^^^^^^^^^^^^^^^^
  File "/home/partsltd/parts_website/app.py", line 21, in <module>
    from app.forms import Form_Contact, Form_Basket_Add, Form_Basket_Edit, Form_Billing, Form_Delivery_Region, Form_Currency # , Form_Product
    ^^^^^^^^^^^^^^^^^^^^^^^^^^^^^^^^^^^^^^^^^^^^^^^^^^^^^^^^^^^^^^^^^^^^^^^^^^^^^^^^^^^^^^^^^^^^^^^^^^^^^^^^^^^^^^^^^^^^^^^^
ModuleNotFoundError: No module named 'app.forms'; 'app' is not a package
[UID:1401][1825241] Child process with pid: 1825483 was killed by signal: 15, core dumped: no
Traceback (most recent call last):
  File "/home/partsltd/parts_website/passenger_wsgi.py", line 8, in <module>
    wsgi = imp.load_source('wsgi', 'app.py')
           ^^^^^^^^^^^^^^^^^^^^^^^^^^^^^^^^^
  File "/opt/alt/python311/lib64/python3.11/imp.py", line 172, in load_source
    module = _load(spec)
             ^^^^^^^^^^^
  File "<frozen importlib._bootstrap>", line 721, in _load
  File "<frozen importlib._bootstrap>", line 690, in _load_unlocked
  File "<frozen importlib._bootstrap_external>", line 940, in exec_module
  File "<frozen importlib._bootstrap>", line 241, in _call_with_frames_removed
  File "app.py", line 21, in <module>
    from app.forms import Form_Contact, Form_Basket_Add, Form_Basket_Edit, Form_Billing, Form_Delivery_Region, Form_Currency # , Form_Product
    ^^^^^^^^^^^^^^^^^^^^^^^^^^^^^^^^^^^^^^^^^^^^^^^^^^^^^^^^^^^^^^^^^^^^^^^^^^^^^^^^^^^^^^^^^^^^^^^^^^^^^^^^^^^^^^^^^^^^^^^^
  File "/home/partsltd/parts_website/app.py", line 21, in <module>
    from app.forms import Form_Contact, Form_Basket_Add, Form_Basket_Edit, Form_Billing, Form_Delivery_Region, Form_Currency # , Form_Product
    ^^^^^^^^^^^^^^^^^^^^^^^^^^^^^^^^^^^^^^^^^^^^^^^^^^^^^^^^^^^^^^^^^^^^^^^^^^^^^^^^^^^^^^^^^^^^^^^^^^^^^^^^^^^^^^^^^^^^^^^^
ModuleNotFoundError: No module named 'app.forms'; 'app' is not a package
[UID:1401][1825241] Child process with pid: 1831858 was killed by signal: 15, core dumped: no
Traceback (most recent call last):
  File "/home/partsltd/parts_website/passenger_wsgi.py", line 8, in <module>
    wsgi = imp.load_source('wsgi', 'app.py')
           ^^^^^^^^^^^^^^^^^^^^^^^^^^^^^^^^^
  File "/opt/alt/python311/lib64/python3.11/imp.py", line 172, in load_source
    module = _load(spec)
             ^^^^^^^^^^^
  File "<frozen importlib._bootstrap>", line 721, in _load
  File "<frozen importlib._bootstrap>", line 690, in _load_unlocked
  File "<frozen importlib._bootstrap_external>", line 940, in exec_module
  File "<frozen importlib._bootstrap>", line 241, in _call_with_frames_removed
  File "app.py", line 21, in <module>
    from app.forms import Form_Contact, Form_Basket_Add, Form_Basket_Edit, Form_Billing, Form_Delivery_Region, Form_Currency # , Form_Product
    ^^^^^^^^^^^^^^^^^^^^^^^^^^^^^^^^^^^^^^^^^^^^^^^^^^^^^^^^^^^^^^^^^^^^^^^^^^^^^^^^^^^^^^^^^^^^^^^^^^^^^^^^^^^^^^^^^^^^^^^^
  File "/home/partsltd/parts_website/app.py", line 21, in <module>
    from app.forms import Form_Contact, Form_Basket_Add, Form_Basket_Edit, Form_Billing, Form_Delivery_Region, Form_Currency # , Form_Product
    ^^^^^^^^^^^^^^^^^^^^^^^^^^^^^^^^^^^^^^^^^^^^^^^^^^^^^^^^^^^^^^^^^^^^^^^^^^^^^^^^^^^^^^^^^^^^^^^^^^^^^^^^^^^^^^^^^^^^^^^^
ModuleNotFoundError: No module named 'app.forms'; 'app' is not a package
Traceback (most recent call last):
  File "/home/partsltd/parts_website/passenger_wsgi.py", line 8, in <module>
    wsgi = imp.load_source('wsgi', 'app.py')
           ^^^^^^^^^^^^^^^^^^^^^^^^^^^^^^^^^
  File "/opt/alt/python311/lib64/python3.11/imp.py", line 172, in load_source
    module = _load(spec)
             ^^^^^^^^^^^
  File "<frozen importlib._bootstrap>", line 721, in _load
  File "<frozen importlib._bootstrap>", line 690, in _load_unlocked
  File "<frozen importlib._bootstrap_external>", line 940, in exec_module
  File "<frozen importlib._bootstrap>", line 241, in _call_with_frames_removed
  File "app.py", line 21, in <module>
    from app.forms import Form_Contact, Form_Basket_Add, Form_Basket_Edit, Form_Billing, Form_Delivery_Region, Form_Currency # , Form_Product
    ^^^^^^^^^^^^^^^^^^^^^^^^^^^^^^^^^^^^^^^^^^^^^^^^^^^^^^^^^^^^^^^^^^^^^^^^^^^^^^^^^^^^^^^^^^^^^^^^^^^^^^^^^^^^^^^^^^^^^^^^
  File "/home/partsltd/parts_website/app.py", line 21, in <module>
    from app.forms import Form_Contact, Form_Basket_Add, Form_Basket_Edit, Form_Billing, Form_Delivery_Region, Form_Currency # , Form_Product
    ^^^^^^^^^^^^^^^^^^^^^^^^^^^^^^^^^^^^^^^^^^^^^^^^^^^^^^^^^^^^^^^^^^^^^^^^^^^^^^^^^^^^^^^^^^^^^^^^^^^^^^^^^^^^^^^^^^^^^^^^
ModuleNotFoundError: No module named 'app.forms'; 'app' is not a package
[UID:1401][2041509] Child process with pid: 2041512 was killed by signal: 15, core dumped: no
Traceback (most recent call last):
  File "/home/partsltd/parts_website/passenger_wsgi.py", line 8, in <module>
    wsgi = imp.load_source('wsgi', 'app.py')
           ^^^^^^^^^^^^^^^^^^^^^^^^^^^^^^^^^
  File "/opt/alt/python311/lib64/python3.11/imp.py", line 172, in load_source
    module = _load(spec)
             ^^^^^^^^^^^
  File "<frozen importlib._bootstrap>", line 721, in _load
  File "<frozen importlib._bootstrap>", line 690, in _load_unlocked
  File "<frozen importlib._bootstrap_external>", line 940, in exec_module
  File "<frozen importlib._bootstrap>", line 241, in _call_with_frames_removed
  File "app.py", line 21, in <module>
    from app.forms import Form_Contact, Form_Basket_Add, Form_Basket_Edit, Form_Billing, Form_Delivery_Region, Form_Currency # , Form_Product
    ^^^^^^^^^^^^^^^^^^^^^^^^^^^^^^^^^^^^^^^^^^^^^^^^^^^^^^^^^^^^^^^^^^^^^^^^^^^^^^^^^^^^^^^^^^^^^^^^^^^^^^^^^^^^^^^^^^^^^^^^
  File "/home/partsltd/parts_website/app.py", line 21, in <module>
    from app.forms import Form_Contact, Form_Basket_Add, Form_Basket_Edit, Form_Billing, Form_Delivery_Region, Form_Currency # , Form_Product
    ^^^^^^^^^^^^^^^^^^^^^^^^^^^^^^^^^^^^^^^^^^^^^^^^^^^^^^^^^^^^^^^^^^^^^^^^^^^^^^^^^^^^^^^^^^^^^^^^^^^^^^^^^^^^^^^^^^^^^^^^
ModuleNotFoundError: No module named 'app.forms'; 'app' is not a package
Traceback (most recent call last):
  File "/home/partsltd/parts_website/passenger_wsgi.py", line 8, in <module>
    wsgi = imp.load_source('wsgi', 'app.py')
           ^^^^^^^^^^^^^^^^^^^^^^^^^^^^^^^^^
  File "/opt/alt/python311/lib64/python3.11/imp.py", line 172, in load_source
    module = _load(spec)
             ^^^^^^^^^^^
  File "<frozen importlib._bootstrap>", line 721, in _load
  File "<frozen importlib._bootstrap>", line 690, in _load_unlocked
  File "<frozen importlib._bootstrap_external>", line 940, in exec_module
  File "<frozen importlib._bootstrap>", line 241, in _call_with_frames_removed
  File "app.py", line 21, in <module>
    from app.forms import Form_Contact, Form_Basket_Add, Form_Basket_Edit, Form_Billing, Form_Delivery_Region, Form_Currency # , Form_Product
    ^^^^^^^^^^^^^^^^^^^^^^^^^^^^^^^^^^^^^^^^^^^^^^^^^^^^^^^^^^^^^^^^^^^^^^^^^^^^^^^^^^^^^^^^^^^^^^^^^^^^^^^^^^^^^^^^^^^^^^^^
  File "/home/partsltd/parts_website/app.py", line 21, in <module>
    from app.forms import Form_Contact, Form_Basket_Add, Form_Basket_Edit, Form_Billing, Form_Delivery_Region, Form_Currency # , Form_Product
    ^^^^^^^^^^^^^^^^^^^^^^^^^^^^^^^^^^^^^^^^^^^^^^^^^^^^^^^^^^^^^^^^^^^^^^^^^^^^^^^^^^^^^^^^^^^^^^^^^^^^^^^^^^^^^^^^^^^^^^^^
ModuleNotFoundError: No module named 'app.forms'; 'app' is not a package
[UID:1401][2062649] Child process with pid: 2062653 was killed by signal: 15, core dumped: no
Traceback (most recent call last):
  File "/home/partsltd/parts_website/passenger_wsgi.py", line 8, in <module>
    wsgi = imp.load_source('wsgi', 'app.py')
           ^^^^^^^^^^^^^^^^^^^^^^^^^^^^^^^^^
  File "/opt/alt/python311/lib64/python3.11/imp.py", line 172, in load_source
    module = _load(spec)
             ^^^^^^^^^^^
  File "<frozen importlib._bootstrap>", line 721, in _load
  File "<frozen importlib._bootstrap>", line 690, in _load_unlocked
  File "<frozen importlib._bootstrap_external>", line 940, in exec_module
  File "<frozen importlib._bootstrap>", line 241, in _call_with_frames_removed
  File "app.py", line 21, in <module>
    from app.forms import Form_Contact, Form_Basket_Add, Form_Basket_Edit, Form_Billing, Form_Delivery_Region, Form_Currency # , Form_Product
    ^^^^^^^^^^^^^^^^^^^^^^^^^^^^^^^^^^^^^^^^^^^^^^^^^^^^^^^^^^^^^^^^^^^^^^^^^^^^^^^^^^^^^^^^^^^^^^^^^^^^^^^^^^^^^^^^^^^^^^^^
  File "/home/partsltd/parts_website/app.py", line 21, in <module>
    from app.forms import Form_Contact, Form_Basket_Add, Form_Basket_Edit, Form_Billing, Form_Delivery_Region, Form_Currency # , Form_Product
    ^^^^^^^^^^^^^^^^^^^^^^^^^^^^^^^^^^^^^^^^^^^^^^^^^^^^^^^^^^^^^^^^^^^^^^^^^^^^^^^^^^^^^^^^^^^^^^^^^^^^^^^^^^^^^^^^^^^^^^^^
ModuleNotFoundError: No module named 'app.forms'; 'app' is not a package
[UID:1401][2062649] Child process with pid: 2062654 was killed by signal: 15, core dumped: no
Traceback (most recent call last):
  File "/home/partsltd/parts_website/passenger_wsgi.py", line 8, in <module>
    wsgi = imp.load_source('wsgi', 'app.py')
           ^^^^^^^^^^^^^^^^^^^^^^^^^^^^^^^^^
  File "/opt/alt/python311/lib64/python3.11/imp.py", line 172, in load_source
    module = _load(spec)
             ^^^^^^^^^^^
  File "<frozen importlib._bootstrap>", line 721, in _load
  File "<frozen importlib._bootstrap>", line 690, in _load_unlocked
  File "<frozen importlib._bootstrap_external>", line 940, in exec_module
  File "<frozen importlib._bootstrap>", line 241, in _call_with_frames_removed
  File "app.py", line 21, in <module>
    from app.forms import Form_Contact, Form_Basket_Add, Form_Basket_Edit, Form_Billing, Form_Delivery_Region, Form_Currency # , Form_Product
    ^^^^^^^^^^^^^^^^^^^^^^^^^^^^^^^^^^^^^^^^^^^^^^^^^^^^^^^^^^^^^^^^^^^^^^^^^^^^^^^^^^^^^^^^^^^^^^^^^^^^^^^^^^^^^^^^^^^^^^^^
  File "/home/partsltd/parts_website/app.py", line 21, in <module>
    from app.forms import Form_Contact, Form_Basket_Add, Form_Basket_Edit, Form_Billing, Form_Delivery_Region, Form_Currency # , Form_Product
    ^^^^^^^^^^^^^^^^^^^^^^^^^^^^^^^^^^^^^^^^^^^^^^^^^^^^^^^^^^^^^^^^^^^^^^^^^^^^^^^^^^^^^^^^^^^^^^^^^^^^^^^^^^^^^^^^^^^^^^^^
ModuleNotFoundError: No module named 'app.forms'; 'app' is not a package
Traceback (most recent call last):
  File "/home/partsltd/parts_website/passenger_wsgi.py", line 8, in <module>
    wsgi = imp.load_source('wsgi', 'app.py')
           ^^^^^^^^^^^^^^^^^^^^^^^^^^^^^^^^^
  File "/opt/alt/python311/lib64/python3.11/imp.py", line 172, in load_source
    module = _load(spec)
             ^^^^^^^^^^^
  File "<frozen importlib._bootstrap>", line 721, in _load
  File "<frozen importlib._bootstrap>", line 690, in _load_unlocked
  File "<frozen importlib._bootstrap_external>", line 940, in exec_module
  File "<frozen importlib._bootstrap>", line 241, in _call_with_frames_removed
  File "app.py", line 21, in <module>
    from app.forms import Form_Contact, Form_Basket_Add, Form_Basket_Edit, Form_Billing, Form_Delivery_Region, Form_Currency # , Form_Product
    ^^^^^^^^^^^^^^^^^^^^^^^^^^^^^^^^^^^^^^^^^^^^^^^^^^^^^^^^^^^^^^^^^^^^^^^^^^^^^^^^^^^^^^^^^^^^^^^^^^^^^^^^^^^^^^^^^^^^^^^^
  File "/home/partsltd/parts_website/app.py", line 21, in <module>
    from app.forms import Form_Contact, Form_Basket_Add, Form_Basket_Edit, Form_Billing, Form_Delivery_Region, Form_Currency # , Form_Product
    ^^^^^^^^^^^^^^^^^^^^^^^^^^^^^^^^^^^^^^^^^^^^^^^^^^^^^^^^^^^^^^^^^^^^^^^^^^^^^^^^^^^^^^^^^^^^^^^^^^^^^^^^^^^^^^^^^^^^^^^^
ModuleNotFoundError: No module named 'app.forms'; 'app' is not a package
[UID:1401][2108294] Child process with pid: 2108297 was killed by signal: 15, core dumped: no
Traceback (most recent call last):
  File "/home/partsltd/parts_website/passenger_wsgi.py", line 8, in <module>
    wsgi = imp.load_source('wsgi', 'app.py')
           ^^^^^^^^^^^^^^^^^^^^^^^^^^^^^^^^^
  File "/opt/alt/python311/lib64/python3.11/imp.py", line 172, in load_source
    module = _load(spec)
             ^^^^^^^^^^^
  File "<frozen importlib._bootstrap>", line 721, in _load
  File "<frozen importlib._bootstrap>", line 690, in _load_unlocked
  File "<frozen importlib._bootstrap_external>", line 940, in exec_module
  File "<frozen importlib._bootstrap>", line 241, in _call_with_frames_removed
  File "app.py", line 21, in <module>
    from app.forms import Form_Contact, Form_Basket_Add, Form_Basket_Edit, Form_Billing, Form_Delivery_Region, Form_Currency # , Form_Product
    ^^^^^^^^^^^^^^^^^^^^^^^^^^^^^^^^^^^^^^^^^^^^^^^^^^^^^^^^^^^^^^^^^^^^^^^^^^^^^^^^^^^^^^^^^^^^^^^^^^^^^^^^^^^^^^^^^^^^^^^^
  File "/home/partsltd/parts_website/app.py", line 21, in <module>
    from app.forms import Form_Contact, Form_Basket_Add, Form_Basket_Edit, Form_Billing, Form_Delivery_Region, Form_Currency # , Form_Product
    ^^^^^^^^^^^^^^^^^^^^^^^^^^^^^^^^^^^^^^^^^^^^^^^^^^^^^^^^^^^^^^^^^^^^^^^^^^^^^^^^^^^^^^^^^^^^^^^^^^^^^^^^^^^^^^^^^^^^^^^^
ModuleNotFoundError: No module named 'app.forms'; 'app' is not a package
[UID:1401][2108294] Child process with pid: 2108489 was killed by signal: 15, core dumped: no
Traceback (most recent call last):
  File "/home/partsltd/parts_website/passenger_wsgi.py", line 8, in <module>
    wsgi = imp.load_source('wsgi', 'app.py')
           ^^^^^^^^^^^^^^^^^^^^^^^^^^^^^^^^^
  File "/opt/alt/python311/lib64/python3.11/imp.py", line 172, in load_source
    module = _load(spec)
             ^^^^^^^^^^^
  File "<frozen importlib._bootstrap>", line 721, in _load
  File "<frozen importlib._bootstrap>", line 690, in _load_unlocked
  File "<frozen importlib._bootstrap_external>", line 940, in exec_module
  File "<frozen importlib._bootstrap>", line 241, in _call_with_frames_removed
  File "app.py", line 21, in <module>
    from app.forms import Form_Contact, Form_Basket_Add, Form_Basket_Edit, Form_Billing, Form_Delivery_Region, Form_Currency # , Form_Product
    ^^^^^^^^^^^^^^^^^^^^^^^^^^^^^^^^^^^^^^^^^^^^^^^^^^^^^^^^^^^^^^^^^^^^^^^^^^^^^^^^^^^^^^^^^^^^^^^^^^^^^^^^^^^^^^^^^^^^^^^^
  File "/home/partsltd/parts_website/app.py", line 21, in <module>
    from app.forms import Form_Contact, Form_Basket_Add, Form_Basket_Edit, Form_Billing, Form_Delivery_Region, Form_Currency # , Form_Product
    ^^^^^^^^^^^^^^^^^^^^^^^^^^^^^^^^^^^^^^^^^^^^^^^^^^^^^^^^^^^^^^^^^^^^^^^^^^^^^^^^^^^^^^^^^^^^^^^^^^^^^^^^^^^^^^^^^^^^^^^^
ModuleNotFoundError: No module named 'app.forms'; 'app' is not a package
Traceback (most recent call last):
  File "/home/partsltd/parts_website/passenger_wsgi.py", line 8, in <module>
    wsgi = imp.load_source('wsgi', 'app.py')
           ^^^^^^^^^^^^^^^^^^^^^^^^^^^^^^^^^
  File "/opt/alt/python311/lib64/python3.11/imp.py", line 172, in load_source
    module = _load(spec)
             ^^^^^^^^^^^
  File "<frozen importlib._bootstrap>", line 721, in _load
  File "<frozen importlib._bootstrap>", line 690, in _load_unlocked
  File "<frozen importlib._bootstrap_external>", line 940, in exec_module
  File "<frozen importlib._bootstrap>", line 241, in _call_with_frames_removed
  File "app.py", line 21, in <module>
    from app.forms import Form_Contact, Form_Basket_Add, Form_Basket_Edit, Form_Billing, Form_Delivery_Region, Form_Currency # , Form_Product
    ^^^^^^^^^^^^^^^^^^^^^^^^^^^^^^^^^^^^^^^^^^^^^^^^^^^^^^^^^^^^^^^^^^^^^^^^^^^^^^^^^^^^^^^^^^^^^^^^^^^^^^^^^^^^^^^^^^^^^^^^
  File "/home/partsltd/parts_website/app.py", line 21, in <module>
    from app.forms import Form_Contact, Form_Basket_Add, Form_Basket_Edit, Form_Billing, Form_Delivery_Region, Form_Currency # , Form_Product
    ^^^^^^^^^^^^^^^^^^^^^^^^^^^^^^^^^^^^^^^^^^^^^^^^^^^^^^^^^^^^^^^^^^^^^^^^^^^^^^^^^^^^^^^^^^^^^^^^^^^^^^^^^^^^^^^^^^^^^^^^
ModuleNotFoundError: No module named 'app.forms'; 'app' is not a package
[UID:1401][2163353] Child process with pid: 2163356 was killed by signal: 15, core dumped: no
Traceback (most recent call last):
  File "/home/partsltd/parts_website/passenger_wsgi.py", line 8, in <module>
    wsgi = imp.load_source('wsgi', 'app.py')
           ^^^^^^^^^^^^^^^^^^^^^^^^^^^^^^^^^
  File "/opt/alt/python311/lib64/python3.11/imp.py", line 172, in load_source
    module = _load(spec)
             ^^^^^^^^^^^
  File "<frozen importlib._bootstrap>", line 721, in _load
  File "<frozen importlib._bootstrap>", line 690, in _load_unlocked
  File "<frozen importlib._bootstrap_external>", line 940, in exec_module
  File "<frozen importlib._bootstrap>", line 241, in _call_with_frames_removed
  File "app.py", line 21, in <module>
    from app.forms import Form_Contact, Form_Basket_Add, Form_Basket_Edit, Form_Billing, Form_Delivery_Region, Form_Currency # , Form_Product
    ^^^^^^^^^^^^^^^^^^^^^^^^^^^^^^^^^^^^^^^^^^^^^^^^^^^^^^^^^^^^^^^^^^^^^^^^^^^^^^^^^^^^^^^^^^^^^^^^^^^^^^^^^^^^^^^^^^^^^^^^
  File "/home/partsltd/parts_website/app.py", line 21, in <module>
    from app.forms import Form_Contact, Form_Basket_Add, Form_Basket_Edit, Form_Billing, Form_Delivery_Region, Form_Currency # , Form_Product
    ^^^^^^^^^^^^^^^^^^^^^^^^^^^^^^^^^^^^^^^^^^^^^^^^^^^^^^^^^^^^^^^^^^^^^^^^^^^^^^^^^^^^^^^^^^^^^^^^^^^^^^^^^^^^^^^^^^^^^^^^
ModuleNotFoundError: No module named 'app.forms'; 'app' is not a package
Traceback (most recent call last):
  File "/home/partsltd/parts_website/passenger_wsgi.py", line 8, in <module>
    wsgi = imp.load_source('wsgi', 'app.py')
           ^^^^^^^^^^^^^^^^^^^^^^^^^^^^^^^^^
  File "/opt/alt/python311/lib64/python3.11/imp.py", line 172, in load_source
    module = _load(spec)
             ^^^^^^^^^^^
  File "<frozen importlib._bootstrap>", line 721, in _load
  File "<frozen importlib._bootstrap>", line 690, in _load_unlocked
  File "<frozen importlib._bootstrap_external>", line 940, in exec_module
  File "<frozen importlib._bootstrap>", line 241, in _call_with_frames_removed
  File "app.py", line 21, in <module>
    from app.forms import Form_Contact, Form_Basket_Add, Form_Basket_Edit, Form_Billing, Form_Delivery_Region, Form_Currency # , Form_Product
    ^^^^^^^^^^^^^^^^^^^^^^^^^^^^^^^^^^^^^^^^^^^^^^^^^^^^^^^^^^^^^^^^^^^^^^^^^^^^^^^^^^^^^^^^^^^^^^^^^^^^^^^^^^^^^^^^^^^^^^^^
  File "/home/partsltd/parts_website/app.py", line 21, in <module>
    from app.forms import Form_Contact, Form_Basket_Add, Form_Basket_Edit, Form_Billing, Form_Delivery_Region, Form_Currency # , Form_Product
    ^^^^^^^^^^^^^^^^^^^^^^^^^^^^^^^^^^^^^^^^^^^^^^^^^^^^^^^^^^^^^^^^^^^^^^^^^^^^^^^^^^^^^^^^^^^^^^^^^^^^^^^^^^^^^^^^^^^^^^^^
ModuleNotFoundError: No module named 'app.forms'; 'app' is not a package
[UID:1401][2482366] Child process with pid: 2482420 was killed by signal: 15, core dumped: no
session: <SecureCookieSession {}>
DataStore_Base.get_user_session
model_view_base init end - model.user: 
            id_user: 0
            id_user_auth0: None
            firstname: None
            surname: None
            email: None
            is_email_verified: None
            is_super_user: None
            id_currency_default: None
            id_region_default: None
            is_included_VAT_default: None
            can_admin_store: None
            can_admin_user: None
            
session: <SecureCookieSession {'csrf_token': '71ed59a166e4960a4163c877d0d23042d975a695'}>
DataStore_Base.get_user_session
model_view_base init end - model.user: 
            id_user: 0
            id_user_auth0: None
            firstname: None
            surname: None
            email: None
            is_email_verified: None
            is_super_user: None
            id_currency_default: None
            id_region_default: None
            is_included_VAT_default: None
            can_admin_store: None
            can_admin_user: None
            
session: <SecureCookieSession {'csrf_token': '71ed59a166e4960a4163c877d0d23042d975a695'}>
DataStore_Base.get_user_session
model_view_base init end - model.user: 
            id_user: 0
            id_user_auth0: None
            firstname: None
            surname: None
            email: None
            is_email_verified: None
            is_super_user: None
            id_currency_default: None
            id_region_default: None
            is_included_VAT_default: None
            can_admin_store: None
            can_admin_user: None
            
session: <SecureCookieSession {'csrf_token': '71ed59a166e4960a4163c877d0d23042d975a695'}>
DataStore_Base.get_user_session
model_view_base init end - model.user: 
            id_user: 0
            id_user_auth0: None
            firstname: None
            surname: None
            email: None
            is_email_verified: None
            is_super_user: None
            id_currency_default: None
            id_region_default: None
            is_included_VAT_default: None
            can_admin_store: None
            can_admin_user: None
            
session: <SecureCookieSession {'csrf_token': '71ed59a166e4960a4163c877d0d23042d975a695'}>
DataStore_Base.get_user_session
model_view_base init end - model.user: 
            id_user: 0
            id_user_auth0: None
            firstname: None
            surname: None
            email: None
            is_email_verified: None
            is_super_user: None
            id_currency_default: None
            id_region_default: None
            is_included_VAT_default: None
            can_admin_store: None
            can_admin_user: None
            
